{"/home/travis/build/npmtest/node-npmtest-tabris/test.js":{"path":"/home/travis/build/npmtest/node-npmtest-tabris/test.js","s":{"1":2,"2":2,"3":2,"4":2,"5":2,"6":2,"7":2,"8":1,"9":2,"10":2,"11":1,"12":1,"13":1,"14":1,"15":2,"16":2,"17":2,"18":2,"19":1,"20":1,"21":2,"22":2,"23":2,"24":1,"25":1,"26":1,"27":1,"28":1,"29":1,"30":1,"31":1,"32":1,"33":1,"34":1,"35":1,"36":1,"37":1,"38":1,"39":2,"40":2,"41":1,"42":2,"43":2,"44":1,"45":2,"46":2,"47":1,"48":2,"49":2,"50":1,"51":1,"52":1,"53":1,"54":1},"b":{"1":[2,1,1,1],"2":[1,1,1,1],"3":[1,1],"4":[1,1],"5":[1,1],"6":[1,1],"7":[1,1],"8":[1,1],"9":[1,1],"10":[1,1,1],"11":[1,1],"12":[1,1],"13":[1,1],"14":[1,1],"15":[1,1],"16":[1,1],"17":[1,1]},"f":{"1":2,"2":2,"3":2,"4":2,"5":2,"6":1,"7":1,"8":1,"9":2,"10":2,"11":2,"12":2,"13":1},"fnMap":{"1":{"name":"(anonymous_1)","line":12,"loc":{"start":{"line":12,"column":1},"end":{"line":12,"column":13}}},"2":{"name":"(anonymous_2)","line":19,"loc":{"start":{"line":19,"column":5},"end":{"line":19,"column":17}}},"3":{"name":"(anonymous_3)","line":23,"loc":{"start":{"line":23,"column":24},"end":{"line":23,"column":36}}},"4":{"name":"(anonymous_4)","line":61,"loc":{"start":{"line":61,"column":5},"end":{"line":61,"column":17}}},"5":{"name":"(anonymous_5)","line":82,"loc":{"start":{"line":82,"column":5},"end":{"line":82,"column":17}}},"6":{"name":"(anonymous_6)","line":91,"loc":{"start":{"line":91,"column":77},"end":{"line":94,"column":10}}},"7":{"name":"(anonymous_7)","line":112,"loc":{"start":{"line":112,"column":83},"end":{"line":115,"column":10}},"skip":true},"8":{"name":"(anonymous_8)","line":123,"loc":{"start":{"line":123,"column":77},"end":{"line":126,"column":10}},"skip":true},"9":{"name":"(anonymous_9)","line":139,"loc":{"start":{"line":139,"column":12},"end":{"line":139,"column":40}},"skip":true},"10":{"name":"(anonymous_10)","line":147,"loc":{"start":{"line":147,"column":77},"end":{"line":150,"column":10}},"skip":true},"11":{"name":"(anonymous_11)","line":158,"loc":{"start":{"line":158,"column":83},"end":{"line":161,"column":10}},"skip":true},"12":{"name":"(anonymous_12)","line":169,"loc":{"start":{"line":169,"column":79},"end":{"line":172,"column":10}},"skip":true},"13":{"name":"(anonymous_13)","line":180,"loc":{"start":{"line":180,"column":75},"end":{"line":183,"column":10}},"skip":true}},"statementMap":{"1":{"start":{"line":12,"column":0},"end":{"line":195,"column":5}},"2":{"start":{"line":14,"column":4},"end":{"line":14,"column":14}},"3":{"start":{"line":19,"column":4},"end":{"line":56,"column":9}},"4":{"start":{"line":21,"column":8},"end":{"line":21,"column":19}},"5":{"start":{"line":23,"column":8},"end":{"line":35,"column":13}},"6":{"start":{"line":24,"column":12},"end":{"line":34,"column":13}},"7":{"start":{"line":25,"column":16},"end":{"line":28,"column":30}},"8":{"start":{"line":30,"column":16},"end":{"line":33,"column":27}},"9":{"start":{"line":37,"column":8},"end":{"line":39,"column":21}},"10":{"start":{"line":40,"column":8},"end":{"line":53,"column":9}},"11":{"start":{"line":43,"column":12},"end":{"line":46,"column":14}},"12":{"start":{"line":47,"column":12},"end":{"line":47,"column":18}},"13":{"start":{"line":50,"column":12},"end":{"line":51,"column":46}},"14":{"start":{"line":52,"column":12},"end":{"line":52,"column":18}},"15":{"start":{"line":55,"column":8},"end":{"line":55,"column":35}},"16":{"start":{"line":61,"column":4},"end":{"line":63,"column":9}},"17":{"start":{"line":62,"column":8},"end":{"line":62,"column":15}},"18":{"start":{"line":64,"column":4},"end":{"line":77,"column":5}},"19":{"start":{"line":70,"column":8},"end":{"line":70,"column":14}},"20":{"start":{"line":76,"column":8},"end":{"line":76,"column":14}},"21":{"start":{"line":82,"column":4},"end":{"line":84,"column":9}},"22":{"start":{"line":83,"column":8},"end":{"line":83,"column":15}},"23":{"start":{"line":85,"column":4},"end":{"line":194,"column":5}},"24":{"start":{"line":91,"column":8},"end":{"line":99,"column":10}},"25":{"start":{"line":98,"column":12},"end":{"line":98,"column":35}},"26":{"start":{"line":102,"column":8},"end":{"line":104,"column":63}},"27":{"start":{"line":105,"column":8},"end":{"line":105,"column":14}},"28":{"start":{"line":112,"column":8},"end":{"line":121,"column":10},"skip":true},"29":{"start":{"line":119,"column":12},"end":{"line":119,"column":55},"skip":true},"30":{"start":{"line":120,"column":12},"end":{"line":120,"column":48},"skip":true},"31":{"start":{"line":123,"column":8},"end":{"line":136,"column":10},"skip":true},"32":{"start":{"line":130,"column":12},"end":{"line":130,"column":76},"skip":true},"33":{"start":{"line":131,"column":12},"end":{"line":131,"column":73},"skip":true},"34":{"start":{"line":132,"column":12},"end":{"line":132,"column":74},"skip":true},"35":{"start":{"line":133,"column":12},"end":{"line":133,"column":79},"skip":true},"36":{"start":{"line":134,"column":12},"end":{"line":134,"column":25},"skip":true},"37":{"start":{"line":135,"column":12},"end":{"line":135,"column":45},"skip":true},"38":{"start":{"line":138,"column":8},"end":{"line":145,"column":14},"skip":true},"39":{"start":{"line":143,"column":16},"end":{"line":143,"column":29},"skip":true},"40":{"start":{"line":144,"column":16},"end":{"line":144,"column":55},"skip":true},"41":{"start":{"line":147,"column":8},"end":{"line":156,"column":10},"skip":true},"42":{"start":{"line":154,"column":12},"end":{"line":154,"column":25},"skip":true},"43":{"start":{"line":155,"column":12},"end":{"line":155,"column":45},"skip":true},"44":{"start":{"line":158,"column":8},"end":{"line":167,"column":10},"skip":true},"45":{"start":{"line":165,"column":12},"end":{"line":165,"column":25},"skip":true},"46":{"start":{"line":166,"column":12},"end":{"line":166,"column":48},"skip":true},"47":{"start":{"line":169,"column":8},"end":{"line":178,"column":10},"skip":true},"48":{"start":{"line":176,"column":12},"end":{"line":176,"column":25},"skip":true},"49":{"start":{"line":177,"column":12},"end":{"line":177,"column":46},"skip":true},"50":{"start":{"line":180,"column":8},"end":{"line":189,"column":10},"skip":true},"51":{"start":{"line":187,"column":12},"end":{"line":187,"column":94},"skip":true},"52":{"start":{"line":188,"column":12},"end":{"line":188,"column":48},"skip":true},"53":{"start":{"line":192,"column":8},"end":{"line":192,"column":35},"skip":true},"54":{"start":{"line":193,"column":8},"end":{"line":193,"column":14},"skip":true}},"branchMap":{"1":{"line":25,"type":"binary-expr","locations":[{"start":{"line":25,"column":23},"end":{"line":25,"column":62}},{"start":{"line":26,"column":20},"end":{"line":26,"column":70}},{"start":{"line":27,"column":20},"end":{"line":27,"column":71}},{"start":{"line":28,"column":20},"end":{"line":28,"column":29}}]},"2":{"line":30,"type":"binary-expr","locations":[{"start":{"line":30,"column":23},"end":{"line":30,"column":37}},{"start":{"line":31,"column":20},"end":{"line":31,"column":61}},{"start":{"line":32,"column":20},"end":{"line":32,"column":70}},{"start":{"line":33,"column":20},"end":{"line":33,"column":26}}]},"3":{"line":37,"type":"cond-expr","locations":[{"start":{"line":38,"column":14},"end":{"line":38,"column":20}},{"start":{"line":39,"column":14},"end":{"line":39,"column":20}}]},"4":{"line":40,"type":"switch","locations":[{"start":{"line":42,"column":8},"end":{"line":47,"column":18}},{"start":{"line":49,"column":8},"end":{"line":52,"column":18}}]},"5":{"line":44,"type":"binary-expr","locations":[{"start":{"line":44,"column":16},"end":{"line":44,"column":44}},{"start":{"line":44,"column":48},"end":{"line":44,"column":66}}]},"6":{"line":50,"type":"binary-expr","locations":[{"start":{"line":50,"column":21},"end":{"line":50,"column":49}},{"start":{"line":50,"column":53},"end":{"line":50,"column":72}}]},"7":{"line":64,"type":"switch","locations":[{"start":{"line":69,"column":4},"end":{"line":70,"column":14}},{"start":{"line":75,"column":4},"end":{"line":76,"column":14}}]},"8":{"line":85,"type":"switch","locations":[{"start":{"line":90,"column":4},"end":{"line":105,"column":14}},{"start":{"line":111,"column":4},"end":{"line":193,"column":14},"skip":true}]},"9":{"line":91,"type":"binary-expr","locations":[{"start":{"line":91,"column":42},"end":{"line":91,"column":73}},{"start":{"line":91,"column":77},"end":{"line":99,"column":9}}]},"10":{"line":102,"type":"binary-expr","locations":[{"start":{"line":102,"column":18},"end":{"line":102,"column":32}},{"start":{"line":103,"column":12},"end":{"line":103,"column":53}},{"start":{"line":104,"column":12},"end":{"line":104,"column":61}}]},"11":{"line":112,"type":"binary-expr","locations":[{"start":{"line":112,"column":45},"end":{"line":112,"column":79},"skip":true},{"start":{"line":112,"column":83},"end":{"line":121,"column":9},"skip":true}]},"12":{"line":123,"type":"binary-expr","locations":[{"start":{"line":123,"column":42},"end":{"line":123,"column":73},"skip":true},{"start":{"line":123,"column":77},"end":{"line":136,"column":9},"skip":true}]},"13":{"line":138,"type":"binary-expr","locations":[{"start":{"line":138,"column":48},"end":{"line":138,"column":85},"skip":true},{"start":{"line":139,"column":12},"end":{"line":145,"column":13},"skip":true}]},"14":{"line":147,"type":"binary-expr","locations":[{"start":{"line":147,"column":42},"end":{"line":147,"column":73},"skip":true},{"start":{"line":147,"column":77},"end":{"line":156,"column":9},"skip":true}]},"15":{"line":158,"type":"binary-expr","locations":[{"start":{"line":158,"column":45},"end":{"line":158,"column":79},"skip":true},{"start":{"line":158,"column":83},"end":{"line":167,"column":9},"skip":true}]},"16":{"line":169,"type":"binary-expr","locations":[{"start":{"line":169,"column":43},"end":{"line":169,"column":75},"skip":true},{"start":{"line":169,"column":79},"end":{"line":178,"column":9},"skip":true}]},"17":{"line":180,"type":"binary-expr","locations":[{"start":{"line":180,"column":41},"end":{"line":180,"column":71},"skip":true},{"start":{"line":180,"column":75},"end":{"line":189,"column":9},"skip":true}]}},"code":["/* istanbul instrument in package npmtest_tabris */","/*jslint","    bitwise: true,","    browser: true,","    maxerr: 8,","    maxlen: 96,","    node: true,","    nomen: true,","    regexp: true,","    stupid: true","*/","(function () {","    'use strict';","    var local;","","","","    // run shared js-env code - pre-init","    (function () {","        // init local","        local = {};","        // init modeJs","        local.modeJs = (function () {","            try {","                return typeof navigator.userAgent === 'string' &&","                    typeof document.querySelector('body') === 'object' &&","                    typeof XMLHttpRequest.prototype.open === 'function' &&","                    'browser';","            } catch (errorCaughtBrowser) {","                return module.exports &&","                    typeof process.versions.node === 'string' &&","                    typeof require('http').createServer === 'function' &&","                    'node';","            }","        }());","        // init global","        local.global = local.modeJs === 'browser'","            ? window","            : global;","        switch (local.modeJs) {","        // re-init local from window.local","        case 'browser':","            local = local.global.utility2.objectSetDefault(","                local.global.utility2_rollup || local.global.local,","                local.global.utility2","            );","            break;","        // re-init local from example.js","        case 'node':","            local = (local.global.utility2_rollup || require('utility2'))","                .requireExampleJsFromReadme();","            break;","        }","        // export local","        local.global.local = local;","    }());","","","","    // run shared js-env code - function","    (function () {","        return;","    }());","    switch (local.modeJs) {","","","","    // run browser js-env code - function","    case 'browser':","        break;","","","","    // run node js-env code - function","    case 'node':","        break;","    }","","","","    // run shared js-env code - post-init","    (function () {","        return;","    }());","    switch (local.modeJs) {","","","","    // run browser js-env code - post-init","    case 'browser':","        local.testCase_browser_nullCase = local.testCase_browser_nullCase || function (","            options,","            onError","        ) {","        /*","         * this function will test browsers's null-case handling-behavior-behavior","         */","            onError(null, options);","        };","","        // run tests","        local.nop(local.modeTest &&","            document.querySelector('#testRunButton1') &&","            document.querySelector('#testRunButton1').click());","        break;","","","","    // run node js-env code - post-init","    /* istanbul ignore next */","    case 'node':","        local.testCase_buildApidoc_default = local.testCase_buildApidoc_default || function (","            options,","            onError","        ) {","        /*","         * this function will test buildApidoc's default handling-behavior-behavior","         */","            options = { modulePathList: module.paths };","            local.buildApidoc(options, onError);","        };","","        local.testCase_buildApp_default = local.testCase_buildApp_default || function (","            options,","            onError","        ) {","        /*","         * this function will test buildApp's default handling-behavior-behavior","         */","            local.testCase_buildReadme_default(options, local.onErrorThrow);","            local.testCase_buildLib_default(options, local.onErrorThrow);","            local.testCase_buildTest_default(options, local.onErrorThrow);","            local.testCase_buildCustomOrg_default(options, local.onErrorThrow);","            options = [];","            local.buildApp(options, onError);","        };","","        local.testCase_buildCustomOrg_default = local.testCase_buildCustomOrg_default ||","            function (options, onError) {","            /*","             * this function will test buildCustomOrg's default handling-behavior","             */","                options = {};","                local.buildCustomOrg(options, onError);","            };","","        local.testCase_buildLib_default = local.testCase_buildLib_default || function (","            options,","            onError","        ) {","        /*","         * this function will test buildLib's default handling-behavior","         */","            options = {};","            local.buildLib(options, onError);","        };","","        local.testCase_buildReadme_default = local.testCase_buildReadme_default || function (","            options,","            onError","        ) {","        /*","         * this function will test buildReadme's default handling-behavior-behavior","         */","            options = {};","            local.buildReadme(options, onError);","        };","","        local.testCase_buildTest_default = local.testCase_buildTest_default || function (","            options,","            onError","        ) {","        /*","         * this function will test buildTest's default handling-behavior","         */","            options = {};","            local.buildTest(options, onError);","        };","","        local.testCase_webpage_default = local.testCase_webpage_default || function (","            options,","            onError","        ) {","        /*","         * this function will test webpage's default handling-behavior","         */","            options = { modeCoverageMerge: true, url: local.serverLocalHost + '?modeTest=1' };","            local.browserTest(options, onError);","        };","","        // run test-server","        local.testRunServer(local);","        break;","    }","}());",""],"l":{"12":2,"14":2,"19":2,"21":2,"23":2,"24":2,"25":2,"30":1,"37":2,"40":2,"43":1,"47":1,"50":1,"52":1,"55":2,"61":2,"62":2,"64":2,"70":1,"76":1,"82":2,"83":2,"85":2,"91":1,"98":1,"102":1,"105":1,"112":1,"119":1,"120":1,"123":1,"130":1,"131":1,"132":1,"133":1,"134":1,"135":1,"138":1,"143":2,"144":2,"147":1,"154":2,"155":2,"158":1,"165":2,"166":2,"169":1,"176":2,"177":2,"180":1,"187":1,"188":1,"192":1,"193":1}},"/home/travis/build/npmtest/node-npmtest-tabris/lib.npmtest_tabris.js":{"path":"/home/travis/build/npmtest/node-npmtest-tabris/lib.npmtest_tabris.js","s":{"1":2,"2":2,"3":2,"4":2,"5":2,"6":2,"7":2,"8":1,"9":2,"10":2,"11":2,"12":2,"13":1,"14":1,"15":1,"16":1},"b":{"1":[2,1,1,1],"2":[1,1,1,1],"3":[1,1],"4":[2,2],"5":[1,1]},"f":{"1":2,"2":2,"3":2},"fnMap":{"1":{"name":"(anonymous_1)","line":12,"loc":{"start":{"line":12,"column":1},"end":{"line":12,"column":13}}},"2":{"name":"(anonymous_2)","line":19,"loc":{"start":{"line":19,"column":5},"end":{"line":19,"column":17}}},"3":{"name":"(anonymous_3)","line":23,"loc":{"start":{"line":23,"column":24},"end":{"line":23,"column":36}}}},"statementMap":{"1":{"start":{"line":12,"column":0},"end":{"line":53,"column":5}},"2":{"start":{"line":14,"column":4},"end":{"line":14,"column":14}},"3":{"start":{"line":19,"column":4},"end":{"line":52,"column":9}},"4":{"start":{"line":21,"column":8},"end":{"line":21,"column":19}},"5":{"start":{"line":23,"column":8},"end":{"line":35,"column":13}},"6":{"start":{"line":24,"column":12},"end":{"line":34,"column":13}},"7":{"start":{"line":25,"column":16},"end":{"line":28,"column":30}},"8":{"start":{"line":30,"column":16},"end":{"line":33,"column":27}},"9":{"start":{"line":37,"column":8},"end":{"line":39,"column":21}},"10":{"start":{"line":41,"column":8},"end":{"line":41,"column":54}},"11":{"start":{"line":43,"column":8},"end":{"line":43,"column":51}},"12":{"start":{"line":45,"column":8},"end":{"line":51,"column":9}},"13":{"start":{"line":46,"column":12},"end":{"line":46,"column":57}},"14":{"start":{"line":48,"column":12},"end":{"line":48,"column":35}},"15":{"start":{"line":49,"column":12},"end":{"line":49,"column":49}},"16":{"start":{"line":50,"column":12},"end":{"line":50,"column":43}}},"branchMap":{"1":{"line":25,"type":"binary-expr","locations":[{"start":{"line":25,"column":23},"end":{"line":25,"column":62}},{"start":{"line":26,"column":20},"end":{"line":26,"column":70}},{"start":{"line":27,"column":20},"end":{"line":27,"column":71}},{"start":{"line":28,"column":20},"end":{"line":28,"column":29}}]},"2":{"line":30,"type":"binary-expr","locations":[{"start":{"line":30,"column":23},"end":{"line":30,"column":37}},{"start":{"line":31,"column":20},"end":{"line":31,"column":61}},{"start":{"line":32,"column":20},"end":{"line":32,"column":70}},{"start":{"line":33,"column":20},"end":{"line":33,"column":26}}]},"3":{"line":37,"type":"cond-expr","locations":[{"start":{"line":38,"column":14},"end":{"line":38,"column":20}},{"start":{"line":39,"column":14},"end":{"line":39,"column":20}}]},"4":{"line":41,"type":"binary-expr","locations":[{"start":{"line":41,"column":16},"end":{"line":41,"column":44}},{"start":{"line":41,"column":48},"end":{"line":41,"column":53}}]},"5":{"line":45,"type":"if","locations":[{"start":{"line":45,"column":8},"end":{"line":45,"column":8}},{"start":{"line":45,"column":8},"end":{"line":45,"column":8}}]}},"code":["/* istanbul instrument in package npmtest_tabris */","/*jslint","    bitwise: true,","    browser: true,","    maxerr: 8,","    maxlen: 96,","    node: true,","    nomen: true,","    regexp: true,","    stupid: true","*/","(function () {","    'use strict';","    var local;","","","","    // run shared js-env code - pre-init","    (function () {","        // init local","        local = {};","        // init modeJs","        local.modeJs = (function () {","            try {","                return typeof navigator.userAgent === 'string' &&","                    typeof document.querySelector('body') === 'object' &&","                    typeof XMLHttpRequest.prototype.open === 'function' &&","                    'browser';","            } catch (errorCaughtBrowser) {","                return module.exports &&","                    typeof process.versions.node === 'string' &&","                    typeof require('http').createServer === 'function' &&","                    'node';","            }","        }());","        // init global","        local.global = local.modeJs === 'browser'","            ? window","            : global;","        // init utility2_rollup","        local = local.global.utility2_rollup || local;","        // init lib","        local.local = local.npmtest_tabris = local;","        // init exports","        if (local.modeJs === 'browser') {","            local.global.utility2_npmtest_tabris = local;","        } else {","            module.exports = local;","            module.exports.__dirname = __dirname;","            module.exports.module = module;","        }","    }());","}());",""],"l":{"12":2,"14":2,"19":2,"21":2,"23":2,"24":2,"25":2,"30":1,"37":2,"41":2,"43":2,"45":2,"46":1,"48":1,"49":1,"50":1}},"/home/travis/build/npmtest/node-npmtest-tabris/example.js":{"path":"/home/travis/build/npmtest/node-npmtest-tabris/example.js","s":{"1":2,"2":2,"3":2,"4":2,"5":2,"6":2,"7":2,"8":1,"9":2,"10":2,"11":2,"12":2,"13":1,"14":2,"15":2,"16":2,"17":2,"18":2,"19":0,"20":2,"21":1,"22":1,"23":1,"24":1,"25":1,"26":0,"27":0,"28":1,"29":1,"30":2,"31":0,"32":0,"33":0,"34":1,"35":2,"36":2,"37":3,"38":3,"39":3,"40":3,"41":0,"42":3,"43":3,"44":3,"45":1,"46":3,"47":1,"48":1,"49":1,"50":1,"51":1,"52":1,"53":1,"54":1,"55":1,"56":1,"57":0,"58":1,"59":6,"60":6,"61":1,"62":2,"63":0,"64":2,"65":1,"66":1,"67":0,"68":0,"69":0,"70":0,"71":0,"72":0,"73":0,"74":0,"75":0,"76":0,"77":0,"78":0,"79":0,"80":0,"81":0,"82":0,"83":0},"b":{"1":[2,1,1,1],"2":[1,1,1,1],"3":[1,1],"4":[2,2],"5":[1,1],"6":[1,1],"7":[2,0],"8":[2,1,1,1,1,1],"9":[0,2,0],"10":[1,1],"11":[2,1,1],"12":[1,0],"13":[0,2],"14":[2,0,0,0,0,0,0],"15":[0,3],"16":[3,0],"17":[1,1],"18":[0,1],"19":[1,2,0,2],"20":[1,0],"21":[1,1],"22":[0,0],"23":[0,0],"24":[0,0],"25":[0,0],"26":[0,0],"27":[0,0],"28":[0,0]},"f":{"1":2,"2":2,"3":2,"4":2,"5":2,"6":2,"7":3,"8":3,"9":3,"10":1,"11":6,"12":0},"fnMap":{"1":{"name":"(anonymous_1)","line":26,"loc":{"start":{"line":26,"column":1},"end":{"line":26,"column":13}}},"2":{"name":"(anonymous_2)","line":33,"loc":{"start":{"line":33,"column":5},"end":{"line":33,"column":17}}},"3":{"name":"(anonymous_3)","line":37,"loc":{"start":{"line":37,"column":24},"end":{"line":37,"column":36}}},"4":{"name":"(anonymous_4)","line":69,"loc":{"start":{"line":69,"column":31},"end":{"line":69,"column":48}},"skip":true},"5":{"name":"(anonymous_5)","line":78,"loc":{"start":{"line":78,"column":26},"end":{"line":78,"column":45}},"skip":true},"6":{"name":"(anonymous_6)","line":123,"loc":{"start":{"line":123,"column":33},"end":{"line":123,"column":48}},"skip":true},"7":{"name":"(anonymous_7)","line":125,"loc":{"start":{"line":125,"column":27},"end":{"line":125,"column":39}},"skip":true},"8":{"name":"(anonymous_8)","line":133,"loc":{"start":{"line":133,"column":59},"end":{"line":133,"column":74}},"skip":true},"9":{"name":"(anonymous_9)","line":143,"loc":{"start":{"line":143,"column":45},"end":{"line":143,"column":62}},"skip":true},"10":{"name":"(anonymous_10)","line":144,"loc":{"start":{"line":144,"column":73},"end":{"line":144,"column":92}},"skip":true},"11":{"name":"(anonymous_11)","line":272,"loc":{"start":{"line":272,"column":51},"end":{"line":272,"column":77}},"skip":true},"12":{"name":"(anonymous_12)","line":315,"loc":{"start":{"line":315,"column":32},"end":{"line":315,"column":61}},"skip":true}},"statementMap":{"1":{"start":{"line":26,"column":0},"end":{"line":326,"column":5}},"2":{"start":{"line":28,"column":4},"end":{"line":28,"column":14}},"3":{"start":{"line":33,"column":4},"end":{"line":60,"column":9}},"4":{"start":{"line":35,"column":8},"end":{"line":35,"column":19}},"5":{"start":{"line":37,"column":8},"end":{"line":49,"column":13}},"6":{"start":{"line":38,"column":12},"end":{"line":48,"column":13}},"7":{"start":{"line":39,"column":16},"end":{"line":42,"column":30}},"8":{"start":{"line":44,"column":16},"end":{"line":47,"column":27}},"9":{"start":{"line":51,"column":8},"end":{"line":53,"column":21}},"10":{"start":{"line":55,"column":8},"end":{"line":57,"column":45}},"11":{"start":{"line":59,"column":8},"end":{"line":59,"column":35}},"12":{"start":{"line":61,"column":4},"end":{"line":325,"column":5}},"13":{"start":{"line":69,"column":8},"end":{"line":121,"column":10},"skip":true},"14":{"start":{"line":70,"column":12},"end":{"line":88,"column":13},"skip":true},"15":{"start":{"line":76,"column":16},"end":{"line":87,"column":19},"skip":true},"16":{"start":{"line":79,"column":20},"end":{"line":86,"column":21},"skip":true},"17":{"start":{"line":82,"column":24},"end":{"line":82,"column":43},"skip":true},"18":{"start":{"line":83,"column":24},"end":{"line":83,"column":30},"skip":true},"19":{"start":{"line":85,"column":24},"end":{"line":85,"column":49},"skip":true},"20":{"start":{"line":89,"column":12},"end":{"line":107,"column":13},"skip":true},"21":{"start":{"line":92,"column":16},"end":{"line":102,"column":17},"skip":true},"22":{"start":{"line":93,"column":20},"end":{"line":93,"column":86},"skip":true},"23":{"start":{"line":94,"column":20},"end":{"line":95,"column":45},"skip":true},"24":{"start":{"line":96,"column":20},"end":{"line":96,"column":42},"skip":true},"25":{"start":{"line":97,"column":20},"end":{"line":97,"column":48},"skip":true},"26":{"start":{"line":100,"column":20},"end":{"line":100,"column":85},"skip":true},"27":{"start":{"line":101,"column":20},"end":{"line":101,"column":96},"skip":true},"28":{"start":{"line":103,"column":16},"end":{"line":103,"column":22},"skip":true},"29":{"start":{"line":106,"column":16},"end":{"line":106,"column":22},"skip":true},"30":{"start":{"line":108,"column":12},"end":{"line":120,"column":13},"skip":true},"31":{"start":{"line":114,"column":16},"end":{"line":119,"column":17},"skip":true},"32":{"start":{"line":116,"column":20},"end":{"line":116,"column":78},"skip":true},"33":{"start":{"line":118,"column":20},"end":{"line":118,"column":47},"skip":true},"34":{"start":{"line":123,"column":8},"end":{"line":141,"column":11},"skip":true},"35":{"start":{"line":124,"column":12},"end":{"line":124,"column":54},"skip":true},"36":{"start":{"line":125,"column":12},"end":{"line":140,"column":14},"skip":true},"37":{"start":{"line":126,"column":16},"end":{"line":126,"column":28},"skip":true},"38":{"start":{"line":127,"column":16},"end":{"line":127,"column":69},"skip":true},"39":{"start":{"line":128,"column":16},"end":{"line":128,"column":75},"skip":true},"40":{"start":{"line":129,"column":16},"end":{"line":131,"column":17},"skip":true},"41":{"start":{"line":130,"column":20},"end":{"line":130,"column":27},"skip":true},"42":{"start":{"line":133,"column":16},"end":{"line":137,"column":36},"skip":true},"43":{"start":{"line":134,"column":20},"end":{"line":136,"column":55},"skip":true},"44":{"start":{"line":139,"column":16},"end":{"line":139,"column":57},"skip":true},"45":{"start":{"line":143,"column":8},"end":{"line":147,"column":11},"skip":true},"46":{"start":{"line":144,"column":12},"end":{"line":146,"column":15},"skip":true},"47":{"start":{"line":145,"column":16},"end":{"line":145,"column":70},"skip":true},"48":{"start":{"line":149,"column":8},"end":{"line":149,"column":31},"skip":true},"49":{"start":{"line":150,"column":8},"end":{"line":150,"column":14},"skip":true},"50":{"start":{"line":158,"column":8},"end":{"line":158,"column":31},"skip":true},"51":{"start":{"line":160,"column":8},"end":{"line":160,"column":33},"skip":true},"52":{"start":{"line":161,"column":8},"end":{"line":161,"column":37},"skip":true},"53":{"start":{"line":162,"column":8},"end":{"line":162,"column":35},"skip":true},"54":{"start":{"line":164,"column":8},"end":{"line":164,"column":50},"skip":true},"55":{"start":{"line":166,"column":8},"end":{"line":256,"column":2},"skip":true},"56":{"start":{"line":258,"column":8},"end":{"line":286,"column":9},"skip":true},"57":{"start":{"line":259,"column":12},"end":{"line":269,"column":14},"skip":true},"58":{"start":{"line":271,"column":12},"end":{"line":285,"column":19},"skip":true},"59":{"start":{"line":274,"column":20},"end":{"line":274,"column":35},"skip":true},"60":{"start":{"line":275,"column":20},"end":{"line":284,"column":21},"skip":true},"61":{"start":{"line":277,"column":24},"end":{"line":277,"column":64},"skip":true},"62":{"start":{"line":279,"column":24},"end":{"line":279,"column":40},"skip":true},"63":{"start":{"line":281,"column":24},"end":{"line":281,"column":40},"skip":true},"64":{"start":{"line":283,"column":24},"end":{"line":283,"column":39},"skip":true},"65":{"start":{"line":288,"column":8},"end":{"line":290,"column":9},"skip":true},"66":{"start":{"line":289,"column":12},"end":{"line":289,"column":18},"skip":true},"67":{"start":{"line":291,"column":8},"end":{"line":293,"column":54},"skip":true},"68":{"start":{"line":296,"column":8},"end":{"line":301,"column":37},"skip":true},"69":{"start":{"line":303,"column":8},"end":{"line":303,"column":82},"skip":true},"70":{"start":{"line":306,"column":8},"end":{"line":308,"column":9},"skip":true},"71":{"start":{"line":307,"column":12},"end":{"line":307,"column":82},"skip":true},"72":{"start":{"line":310,"column":8},"end":{"line":312,"column":9},"skip":true},"73":{"start":{"line":311,"column":12},"end":{"line":311,"column":18},"skip":true},"74":{"start":{"line":313,"column":8},"end":{"line":313,"column":54},"skip":true},"75":{"start":{"line":314,"column":8},"end":{"line":314,"column":69},"skip":true},"76":{"start":{"line":315,"column":8},"end":{"line":323,"column":36},"skip":true},"77":{"start":{"line":316,"column":12},"end":{"line":316,"column":61},"skip":true},"78":{"start":{"line":317,"column":12},"end":{"line":320,"column":13},"skip":true},"79":{"start":{"line":318,"column":16},"end":{"line":318,"column":75},"skip":true},"80":{"start":{"line":319,"column":16},"end":{"line":319,"column":23},"skip":true},"81":{"start":{"line":321,"column":12},"end":{"line":321,"column":38},"skip":true},"82":{"start":{"line":322,"column":12},"end":{"line":322,"column":27},"skip":true},"83":{"start":{"line":324,"column":8},"end":{"line":324,"column":14},"skip":true}},"branchMap":{"1":{"line":39,"type":"binary-expr","locations":[{"start":{"line":39,"column":23},"end":{"line":39,"column":62}},{"start":{"line":40,"column":20},"end":{"line":40,"column":70}},{"start":{"line":41,"column":20},"end":{"line":41,"column":71}},{"start":{"line":42,"column":20},"end":{"line":42,"column":29}}]},"2":{"line":44,"type":"binary-expr","locations":[{"start":{"line":44,"column":23},"end":{"line":44,"column":37}},{"start":{"line":45,"column":20},"end":{"line":45,"column":61}},{"start":{"line":46,"column":20},"end":{"line":46,"column":70}},{"start":{"line":47,"column":20},"end":{"line":47,"column":26}}]},"3":{"line":51,"type":"cond-expr","locations":[{"start":{"line":52,"column":14},"end":{"line":52,"column":20}},{"start":{"line":53,"column":14},"end":{"line":53,"column":20}}]},"4":{"line":55,"type":"binary-expr","locations":[{"start":{"line":55,"column":16},"end":{"line":55,"column":44}},{"start":{"line":55,"column":49},"end":{"line":57,"column":43}}]},"5":{"line":55,"type":"cond-expr","locations":[{"start":{"line":56,"column":14},"end":{"line":56,"column":50}},{"start":{"line":57,"column":14},"end":{"line":57,"column":43}}]},"6":{"line":61,"type":"switch","locations":[{"start":{"line":68,"column":4},"end":{"line":150,"column":14},"skip":true},{"start":{"line":156,"column":4},"end":{"line":324,"column":14},"skip":true}]},"7":{"line":70,"type":"if","locations":[{"start":{"line":70,"column":12},"end":{"line":70,"column":12},"skip":true},{"start":{"line":70,"column":12},"end":{"line":70,"column":12},"skip":true}]},"8":{"line":70,"type":"binary-expr","locations":[{"start":{"line":70,"column":16},"end":{"line":70,"column":22},"skip":true},{"start":{"line":70,"column":27},"end":{"line":70,"column":32},"skip":true},{"start":{"line":71,"column":20},"end":{"line":71,"column":39},"skip":true},{"start":{"line":72,"column":20},"end":{"line":72,"column":49},"skip":true},{"start":{"line":73,"column":20},"end":{"line":73,"column":58},"skip":true},{"start":{"line":74,"column":20},"end":{"line":74,"column":69},"skip":true}]},"9":{"line":79,"type":"switch","locations":[{"start":{"line":80,"column":20},"end":{"line":80,"column":33},"skip":true},{"start":{"line":81,"column":20},"end":{"line":83,"column":30},"skip":true},{"start":{"line":84,"column":20},"end":{"line":85,"column":49},"skip":true}]},"10":{"line":89,"type":"switch","locations":[{"start":{"line":90,"column":12},"end":{"line":103,"column":22},"skip":true},{"start":{"line":105,"column":12},"end":{"line":106,"column":22},"skip":true}]},"11":{"line":89,"type":"binary-expr","locations":[{"start":{"line":89,"column":20},"end":{"line":89,"column":25},"skip":true},{"start":{"line":89,"column":29},"end":{"line":89,"column":48},"skip":true},{"start":{"line":89,"column":52},"end":{"line":89,"column":74},"skip":true}]},"12":{"line":92,"type":"if","locations":[{"start":{"line":92,"column":16},"end":{"line":92,"column":16},"skip":true},{"start":{"line":92,"column":16},"end":{"line":92,"column":16},"skip":true}]},"13":{"line":108,"type":"if","locations":[{"start":{"line":108,"column":12},"end":{"line":108,"column":12},"skip":true},{"start":{"line":108,"column":12},"end":{"line":108,"column":12},"skip":true}]},"14":{"line":108,"type":"binary-expr","locations":[{"start":{"line":108,"column":16},"end":{"line":108,"column":61},"skip":true},{"start":{"line":108,"column":66},"end":{"line":108,"column":72},"skip":true},{"start":{"line":108,"column":77},"end":{"line":108,"column":82},"skip":true},{"start":{"line":109,"column":20},"end":{"line":109,"column":39},"skip":true},{"start":{"line":110,"column":20},"end":{"line":110,"column":49},"skip":true},{"start":{"line":111,"column":20},"end":{"line":111,"column":58},"skip":true},{"start":{"line":112,"column":20},"end":{"line":112,"column":68},"skip":true}]},"15":{"line":129,"type":"if","locations":[{"start":{"line":129,"column":16},"end":{"line":129,"column":16},"skip":true},{"start":{"line":129,"column":16},"end":{"line":129,"column":16},"skip":true}]},"16":{"line":134,"type":"cond-expr","locations":[{"start":{"line":135,"column":26},"end":{"line":135,"column":29},"skip":true},{"start":{"line":136,"column":26},"end":{"line":136,"column":54},"skip":true}]},"17":{"line":164,"type":"binary-expr","locations":[{"start":{"line":164,"column":27},"end":{"line":164,"column":43},"skip":true},{"start":{"line":164,"column":47},"end":{"line":164,"column":49},"skip":true}]},"18":{"line":258,"type":"if","locations":[{"start":{"line":258,"column":8},"end":{"line":258,"column":8},"skip":true},{"start":{"line":258,"column":8},"end":{"line":258,"column":8},"skip":true}]},"19":{"line":275,"type":"switch","locations":[{"start":{"line":276,"column":20},"end":{"line":277,"column":64},"skip":true},{"start":{"line":278,"column":20},"end":{"line":279,"column":40},"skip":true},{"start":{"line":280,"column":20},"end":{"line":281,"column":40},"skip":true},{"start":{"line":282,"column":20},"end":{"line":283,"column":39},"skip":true}]},"20":{"line":288,"type":"if","locations":[{"start":{"line":288,"column":8},"end":{"line":288,"column":8},"skip":true},{"start":{"line":288,"column":8},"end":{"line":288,"column":8},"skip":true}]},"21":{"line":288,"type":"binary-expr","locations":[{"start":{"line":288,"column":12},"end":{"line":288,"column":40},"skip":true},{"start":{"line":288,"column":44},"end":{"line":288,"column":67},"skip":true}]},"22":{"line":292,"type":"binary-expr","locations":[{"start":{"line":292,"column":12},"end":{"line":292,"column":50},"skip":true},{"start":{"line":293,"column":12},"end":{"line":293,"column":53},"skip":true}]},"23":{"line":297,"type":"binary-expr","locations":[{"start":{"line":297,"column":12},"end":{"line":297,"column":64},"skip":true},{"start":{"line":298,"column":12},"end":{"line":301,"column":36},"skip":true}]},"24":{"line":303,"type":"binary-expr","locations":[{"start":{"line":303,"column":43},"end":{"line":303,"column":75},"skip":true},{"start":{"line":303,"column":79},"end":{"line":303,"column":81},"skip":true}]},"25":{"line":306,"type":"if","locations":[{"start":{"line":306,"column":8},"end":{"line":306,"column":8},"skip":true},{"start":{"line":306,"column":8},"end":{"line":306,"column":8},"skip":true}]},"26":{"line":310,"type":"if","locations":[{"start":{"line":310,"column":8},"end":{"line":310,"column":8},"skip":true},{"start":{"line":310,"column":8},"end":{"line":310,"column":8},"skip":true}]},"27":{"line":313,"type":"binary-expr","locations":[{"start":{"line":313,"column":27},"end":{"line":313,"column":43},"skip":true},{"start":{"line":313,"column":47},"end":{"line":313,"column":53},"skip":true}]},"28":{"line":317,"type":"if","locations":[{"start":{"line":317,"column":12},"end":{"line":317,"column":12},"skip":true},{"start":{"line":317,"column":12},"end":{"line":317,"column":12},"skip":true}]}},"code":["/*","example.js","","quickstart example","","instruction","    1. save this script as example.js","    2. run the shell command:","        $ npm install npmtest-tabris && PORT=8081 node example.js","    3. play with the browser-demo on http://127.0.0.1:8081","*/","","","","/* istanbul instrument in package npmtest_tabris */","/*jslint","    bitwise: true,","    browser: true,","    maxerr: 8,","    maxlen: 96,","    node: true,","    nomen: true,","    regexp: true,","    stupid: true","*/","(function () {","    'use strict';","    var local;","","","","    // run shared js-env code - pre-init","    (function () {","        // init local","        local = {};","        // init modeJs","        local.modeJs = (function () {","            try {","                return typeof navigator.userAgent === 'string' &&","                    typeof document.querySelector('body') === 'object' &&","                    typeof XMLHttpRequest.prototype.open === 'function' &&","                    'browser';","            } catch (errorCaughtBrowser) {","                return module.exports &&","                    typeof process.versions.node === 'string' &&","                    typeof require('http').createServer === 'function' &&","                    'node';","            }","        }());","        // init global","        local.global = local.modeJs === 'browser'","            ? window","            : global;","        // init utility2_rollup","        local = local.global.utility2_rollup || (local.modeJs === 'browser'","            ? local.global.utility2_npmtest_tabris","            : global.utility2_moduleExports);","        // export local","        local.global.local = local;","    }());","    switch (local.modeJs) {","","","","    // post-init","    // run browser js-env code - post-init","    /* istanbul ignore next */","    case 'browser':","        local.testRunBrowser = function (event) {","            if (!event || (event &&","                    event.currentTarget &&","                    event.currentTarget.className &&","                    event.currentTarget.className.includes &&","                    event.currentTarget.className.includes('onreset'))) {","                // reset output","                Array.from(","                    document.querySelectorAll('body > .resettable')","                ).forEach(function (element) {","                    switch (element.tagName) {","                    case 'INPUT':","                    case 'TEXTAREA':","                        element.value = '';","                        break;","                    default:","                        element.textContent = '';","                    }","                });","            }","            switch (event && event.currentTarget && event.currentTarget.id) {","            case 'testRunButton1':","                // show tests","                if (document.querySelector('#testReportDiv1').style.display === 'none') {","                    document.querySelector('#testReportDiv1').style.display = 'block';","                    document.querySelector('#testRunButton1').textContent =","                        'hide internal test';","                    local.modeTest = true;","                    local.testRunDefault(local);","                // hide tests","                } else {","                    document.querySelector('#testReportDiv1').style.display = 'none';","                    document.querySelector('#testRunButton1').textContent = 'run internal test';","                }","                break;","            // custom-case","            default:","                break;","            }","            if (document.querySelector('#inputTextareaEval1') && (!event || (event &&","                    event.currentTarget &&","                    event.currentTarget.className &&","                    event.currentTarget.className.includes &&","                    event.currentTarget.className.includes('oneval')))) {","                // try to eval input-code","                try {","                    /*jslint evil: true*/","                    eval(document.querySelector('#inputTextareaEval1').value);","                } catch (errorCaught) {","                    console.error(errorCaught);","                }","            }","        };","        // log stderr and stdout to #outputTextareaStdout1","        ['error', 'log'].forEach(function (key) {","            console[key + '_original'] = console[key];","            console[key] = function () {","                var element;","                console[key + '_original'].apply(console, arguments);","                element = document.querySelector('#outputTextareaStdout1');","                if (!element) {","                    return;","                }","                // append text to #outputTextareaStdout1","                element.value += Array.from(arguments).map(function (arg) {","                    return typeof arg === 'string'","                        ? arg","                        : JSON.stringify(arg, null, 4);","                }).join(' ') + '\\n';","                // scroll textarea to bottom","                element.scrollTop = element.scrollHeight;","            };","        });","        // init event-handling","        ['change', 'click', 'keyup'].forEach(function (event) {","            Array.from(document.querySelectorAll('.on' + event)).forEach(function (element) {","                element.addEventListener(event, local.testRunBrowser);","            });","        });","        // run tests","        local.testRunBrowser();","        break;","","","","    // run node js-env code - post-init","    /* istanbul ignore next */","    case 'node':","        // export local","        module.exports = local;","        // require modules","        local.fs = require('fs');","        local.http = require('http');","        local.url = require('url');","        // init assets","        local.assetsDict = local.assetsDict || {};","        /* jslint-ignore-begin */","        local.assetsDict['/assets.index.template.html'] = '\\","<!doctype html>\\n\\","<html lang=\"en\">\\n\\","<head>\\n\\","<meta charset=\"UTF-8\">\\n\\","<meta name=\"viewport\" content=\"width=device-width, initial-scale=1\">\\n\\","<title>{{env.npm_package_name}} (v{{env.npm_package_version}})</title>\\n\\","<style>\\n\\","/*csslint\\n\\","    box-sizing: false,\\n\\","    universal-selector: false\\n\\","*/\\n\\","* {\\n\\","    box-sizing: border-box;\\n\\","}\\n\\","body {\\n\\","    background: #dde;\\n\\","    font-family: Arial, Helvetica, sans-serif;\\n\\","    margin: 2rem;\\n\\","}\\n\\","body > * {\\n\\","    margin-bottom: 1rem;\\n\\","}\\n\\",".utility2FooterDiv {\\n\\","    margin-top: 20px;\\n\\","    text-align: center;\\n\\","}\\n\\","</style>\\n\\","<style>\\n\\","/*csslint\\n\\","*/\\n\\","textarea {\\n\\","    font-family: monospace;\\n\\","    height: 10rem;\\n\\","    width: 100%;\\n\\","}\\n\\","textarea[readonly] {\\n\\","    background: #ddd;\\n\\","}\\n\\","</style>\\n\\","</head>\\n\\","<body>\\n\\","<!-- utility2-comment\\n\\","<div id=\"ajaxProgressDiv1\" style=\"background: #d00; height: 2px; left: 0; margin: 0; padding: 0; position: fixed; top: 0; transition: background 0.5s, width 1.5s; width: 25%;\"></div>\\n\\","utility2-comment -->\\n\\","<h1>\\n\\","<!-- utility2-comment\\n\\","    <a\\n\\","        {{#if env.npm_package_homepage}}\\n\\","        href=\"{{env.npm_package_homepage}}\"\\n\\","        {{/if env.npm_package_homepage}}\\n\\","        target=\"_blank\"\\n\\","    >\\n\\","utility2-comment -->\\n\\","        {{env.npm_package_name}} (v{{env.npm_package_version}})\\n\\","<!-- utility2-comment\\n\\","    </a>\\n\\","utility2-comment -->\\n\\","</h1>\\n\\","<h3>{{env.npm_package_description}}</h3>\\n\\","<!-- utility2-comment\\n\\","<h4><a download href=\"assets.app.js\">download standalone app</a></h4>\\n\\","<button class=\"onclick onreset\" id=\"testRunButton1\">run internal test</button><br>\\n\\","<div id=\"testReportDiv1\" style=\"display: none;\"></div>\\n\\","utility2-comment -->\\n\\","\\n\\","\\n\\","\\n\\","<label>stderr and stdout</label>\\n\\","<textarea class=\"resettable\" id=\"outputTextareaStdout1\" readonly></textarea>\\n\\","<!-- utility2-comment\\n\\","{{#if isRollup}}\\n\\","<script src=\"assets.app.js\"></script>\\n\\","{{#unless isRollup}}\\n\\","utility2-comment -->\\n\\","<script src=\"assets.utility2.rollup.js\"></script>\\n\\","<script src=\"jsonp.utility2._stateInit?callback=window.utility2._stateInit\"></script>\\n\\","<script src=\"assets.npmtest_tabris.rollup.js\"></script>\\n\\","<script src=\"assets.example.js\"></script>\\n\\","<script src=\"assets.test.js\"></script>\\n\\","<!-- utility2-comment\\n\\","{{/if isRollup}}\\n\\","utility2-comment -->\\n\\","<div class=\"utility2FooterDiv\">\\n\\","    [ this app was created with\\n\\","    <a href=\"https://github.com/kaizhu256/node-utility2\" target=\"_blank\">utility2</a>\\n\\","    ]\\n\\","</div>\\n\\","</body>\\n\\","</html>\\n\\","';","        /* jslint-ignore-end */","        if (local.templateRender) {","            local.assetsDict['/'] = local.templateRender(","                local.assetsDict['/assets.index.template.html'],","                {","                    env: local.objectSetDefault(local.env, {","                        npm_package_description: 'the greatest app in the world!',","                        npm_package_name: 'my-app',","                        npm_package_nameAlias: 'my_app',","                        npm_package_version: '0.0.1'","                    })","                }","            );","        } else {","            local.assetsDict['/'] = local.assetsDict['/assets.index.template.html']","                .replace((/\\{\\{env\\.(\\w+?)\\}\\}/g), function (match0, match1) {","                    // jslint-hack","                    String(match0);","                    switch (match1) {","                    case 'npm_package_description':","                        return 'the greatest app in the world!';","                    case 'npm_package_name':","                        return 'my-app';","                    case 'npm_package_nameAlias':","                        return 'my_app';","                    case 'npm_package_version':","                        return '0.0.1';","                    }","                });","        }","        // run the cli","        if (local.global.utility2_rollup || module !== require.main) {","            break;","        }","        local.assetsDict['/assets.example.js'] =","            local.assetsDict['/assets.example.js'] ||","            local.fs.readFileSync(__filename, 'utf8');","        // bug-workaround - long $npm_package_buildCustomOrg","        /* jslint-ignore-begin */","        local.assetsDict['/assets.npmtest_tabris.rollup.js'] =","            local.assetsDict['/assets.npmtest_tabris.rollup.js'] ||","            local.fs.readFileSync(","                local.npmtest_tabris.__dirname + '/lib.npmtest_tabris.js',","                'utf8'","            ).replace((/^#!/), '//');","        /* jslint-ignore-end */","        local.assetsDict['/favicon.ico'] = local.assetsDict['/favicon.ico'] || '';","        // if $npm_config_timeout_exit exists,","        // then exit this process after $npm_config_timeout_exit ms","        if (Number(process.env.npm_config_timeout_exit)) {","            setTimeout(process.exit, Number(process.env.npm_config_timeout_exit));","        }","        // start server","        if (local.global.utility2_serverHttp1) {","            break;","        }","        process.env.PORT = process.env.PORT || '8081';","        console.error('server starting on port ' + process.env.PORT);","        local.http.createServer(function (request, response) {","            request.urlParsed = local.url.parse(request.url);","            if (local.assetsDict[request.urlParsed.pathname] !== undefined) {","                response.end(local.assetsDict[request.urlParsed.pathname]);","                return;","            }","            response.statusCode = 404;","            response.end();","        }).listen(process.env.PORT);","        break;","    }","}());",""],"l":{"26":2,"28":2,"33":2,"35":2,"37":2,"38":2,"39":2,"44":1,"51":2,"55":2,"59":2,"61":2,"69":1,"70":2,"76":2,"79":2,"82":2,"83":2,"85":1,"89":2,"92":1,"93":1,"94":1,"96":1,"97":1,"100":1,"101":1,"103":1,"106":1,"108":2,"114":1,"116":1,"118":1,"123":1,"124":2,"125":2,"126":3,"127":3,"128":3,"129":3,"130":1,"133":3,"134":3,"139":3,"143":1,"144":3,"145":1,"149":1,"150":1,"158":1,"160":1,"161":1,"162":1,"164":1,"166":1,"258":1,"259":1,"271":1,"274":6,"275":6,"277":1,"279":2,"281":1,"283":2,"288":1,"289":1,"291":1,"296":1,"303":1,"306":1,"307":1,"310":1,"311":1,"313":1,"314":1,"315":1,"316":1,"317":1,"318":1,"319":1,"321":1,"322":1,"324":1}},"/home/travis/build/npmtest/node-npmtest-tabris/node_modules/tabris/tabris.js":{"path":"/home/travis/build/npmtest/node-npmtest-tabris/node_modules/tabris/tabris.js","s":{"1":1,"2":0,"3":0,"4":0,"5":0,"6":0,"7":0,"8":0,"9":0,"10":0,"11":0,"12":0,"13":0,"14":0,"15":1,"16":54,"17":286,"18":286,"19":286,"20":286,"21":233,"22":286,"23":1,"24":54,"25":53,"26":54,"27":1,"28":54,"29":1,"30":2,"31":0,"32":1,"33":0,"34":0,"35":0,"36":1,"37":47,"38":0,"39":47,"40":47,"41":47,"42":1,"43":1,"44":1,"45":1,"46":1,"47":0,"48":0,"49":0,"50":0,"51":0,"52":0,"53":0,"54":0,"55":0,"56":0,"57":0,"58":0,"59":0,"60":0,"61":0,"62":0,"63":0,"64":0,"65":0,"66":0,"67":0,"68":0,"69":0,"70":0,"71":0,"72":0,"73":0,"74":0,"75":0,"76":0,"77":0,"78":0,"79":0,"80":0,"81":0,"82":0,"83":0,"84":0,"85":0,"86":1,"87":0,"88":0,"89":0,"90":0,"91":0,"92":1,"93":0,"94":1,"95":0,"96":0,"97":0,"98":0,"99":0,"100":0,"101":0,"102":0,"103":1,"104":0,"105":1,"106":0,"107":0,"108":1,"109":0,"110":0,"111":0,"112":0,"113":0,"114":0,"115":0,"116":0,"117":0,"118":0,"119":0,"120":0,"121":0,"122":0,"123":1,"124":1,"125":0,"126":0,"127":0,"128":0,"129":0,"130":0,"131":1,"132":0,"133":1,"134":0,"135":0,"136":0,"137":0,"138":0,"139":0,"140":0,"141":0,"142":0,"143":0,"144":0,"145":0,"146":1,"147":0,"148":0,"149":0,"150":0,"151":1,"152":0,"153":0,"154":1,"155":1,"156":1,"157":1,"158":1,"159":36,"160":180,"161":180,"162":180,"163":0,"164":0,"165":0,"166":0,"167":0,"168":1,"169":0,"170":0,"171":0,"172":0,"173":0,"174":1,"175":0,"176":0,"177":0,"178":0,"179":0,"180":0,"181":0,"182":0,"183":0,"184":1,"185":0,"186":0,"187":0,"188":0,"189":0,"190":0,"191":0,"192":0,"193":0,"194":0,"195":0,"196":0,"197":0,"198":0,"199":0,"200":0,"201":0,"202":0,"203":0,"204":0,"205":0,"206":0,"207":0,"208":0,"209":0,"210":0,"211":0,"212":0,"213":0,"214":0,"215":0,"216":0,"217":0,"218":0,"219":0,"220":0,"221":0,"222":0,"223":0,"224":0,"225":0,"226":0,"227":0,"228":0,"229":0,"230":0,"231":0,"232":0,"233":0,"234":0,"235":0,"236":0,"237":0,"238":0,"239":0,"240":0,"241":0,"242":0,"243":0,"244":0,"245":0,"246":0,"247":0,"248":0,"249":0,"250":0,"251":0,"252":0,"253":0,"254":0,"255":0,"256":0,"257":0,"258":0,"259":0,"260":0,"261":0,"262":1,"263":1,"264":0,"265":0,"266":0,"267":1,"268":180,"269":180,"270":1,"271":180,"272":180,"273":155,"274":25,"275":24,"276":180,"277":0,"278":180,"279":24,"280":24,"281":24,"282":24,"283":24,"284":0,"285":180,"286":1,"287":24,"288":0,"289":1,"290":0,"291":1,"292":0,"293":0,"294":0,"295":0,"296":1,"297":0,"298":0,"299":0,"300":0,"301":1,"302":0,"303":1,"304":1,"305":0,"306":0,"307":0,"308":0,"309":1,"310":0,"311":0,"312":0,"313":0,"314":0,"315":0,"316":0,"317":0,"318":0,"319":0,"320":0,"321":0,"322":0,"323":0,"324":0,"325":0,"326":0,"327":0,"328":0,"329":0,"330":0,"331":0,"332":0,"333":0,"334":0,"335":0,"336":0,"337":0,"338":0,"339":0,"340":0,"341":0,"342":0,"343":0,"344":0,"345":0,"346":0,"347":0,"348":0,"349":0,"350":0,"351":0,"352":0,"353":0,"354":0,"355":0,"356":0,"357":0,"358":0,"359":0,"360":0,"361":1,"362":1,"363":0,"364":0,"365":0,"366":0,"367":0,"368":0,"369":0,"370":0,"371":1,"372":0,"373":0,"374":0,"375":0,"376":0,"377":0,"378":1,"379":0,"380":0,"381":0,"382":0,"383":0,"384":0,"385":0,"386":0,"387":1,"388":0,"389":0,"390":0,"391":0,"392":0,"393":0,"394":0,"395":0,"396":0,"397":0,"398":0,"399":0,"400":0,"401":1,"402":0,"403":0,"404":0,"405":0,"406":0,"407":0,"408":0,"409":0,"410":0,"411":0,"412":0,"413":0,"414":0,"415":0,"416":0,"417":0,"418":0,"419":0,"420":0,"421":0,"422":0,"423":0,"424":0,"425":0,"426":0,"427":0,"428":0,"429":0,"430":0,"431":0,"432":0,"433":0,"434":0,"435":0,"436":0,"437":0,"438":0,"439":0,"440":0,"441":0,"442":0,"443":0,"444":0,"445":0,"446":0,"447":0,"448":0,"449":0,"450":0,"451":0,"452":0,"453":0,"454":0,"455":0,"456":0,"457":0,"458":0,"459":0,"460":0,"461":0,"462":0,"463":0,"464":0,"465":0,"466":0,"467":0,"468":0,"469":0,"470":0,"471":0,"472":0,"473":0,"474":0,"475":0,"476":0,"477":0,"478":0,"479":1,"480":0,"481":1,"482":0,"483":0,"484":1,"485":0,"486":0,"487":0,"488":0,"489":0,"490":0,"491":0,"492":1,"493":1,"494":0,"495":0,"496":0,"497":0,"498":0,"499":0,"500":0,"501":0,"502":0,"503":1,"504":0,"505":0,"506":0,"507":0,"508":0,"509":0,"510":0,"511":0,"512":0,"513":0,"514":0,"515":0,"516":0,"517":0,"518":0,"519":0,"520":0,"521":0,"522":0,"523":0,"524":1,"525":0,"526":0,"527":0,"528":0,"529":1,"530":0,"531":0,"532":0,"533":0,"534":0,"535":0,"536":0,"537":0,"538":0,"539":0,"540":0,"541":0,"542":1,"543":0,"544":0,"545":0,"546":0,"547":1,"548":0,"549":0,"550":0,"551":0,"552":0,"553":1,"554":0,"555":0,"556":0,"557":0,"558":0,"559":0,"560":1,"561":0,"562":0,"563":0,"564":0,"565":0,"566":0,"567":0,"568":1,"569":0,"570":0,"571":0,"572":0,"573":0,"574":0,"575":0,"576":1,"577":0,"578":0,"579":0,"580":0,"581":0,"582":0,"583":0,"584":0,"585":0,"586":0,"587":0,"588":0,"589":0,"590":0,"591":0,"592":0,"593":0,"594":0,"595":0,"596":0,"597":0,"598":0,"599":0,"600":0,"601":0,"602":0,"603":0,"604":0,"605":0,"606":0,"607":1,"608":0,"609":0,"610":0,"611":0,"612":0,"613":1,"614":0,"615":0,"616":0,"617":1,"618":0,"619":0,"620":0,"621":0,"622":0,"623":0,"624":0,"625":0,"626":0,"627":1,"628":0,"629":1,"630":0,"631":1,"632":0,"633":1,"634":0,"635":0,"636":0,"637":0,"638":0,"639":1,"640":0,"641":0,"642":0,"643":0,"644":0,"645":0,"646":0,"647":0,"648":0,"649":0,"650":0,"651":0,"652":0,"653":0,"654":0,"655":0,"656":0,"657":0,"658":0,"659":0,"660":0,"661":0,"662":0,"663":0,"664":0,"665":0,"666":0,"667":0,"668":0,"669":0,"670":0,"671":1,"672":1,"673":0,"674":0,"675":0,"676":1,"677":0,"678":0,"679":0,"680":0,"681":0,"682":0,"683":0,"684":0,"685":1,"686":1,"687":1,"688":1,"689":1,"690":1,"691":1,"692":1,"693":1,"694":0,"695":1,"696":0,"697":0,"698":0,"699":0,"700":0,"701":0,"702":0,"703":0,"704":0,"705":0,"706":0,"707":0,"708":0,"709":0,"710":0,"711":0,"712":0,"713":0,"714":0,"715":0,"716":0,"717":1,"718":1,"719":1,"720":1,"721":1,"722":0,"723":0,"724":0,"725":0,"726":0,"727":1,"728":0,"729":0,"730":0,"731":0,"732":0,"733":0,"734":0,"735":1,"736":1,"737":1,"738":0,"739":1,"740":0,"741":0,"742":0,"743":0,"744":1,"745":0,"746":0,"747":0,"748":0,"749":0,"750":1,"751":0,"752":0,"753":0,"754":0,"755":0,"756":0,"757":1,"758":0,"759":0,"760":0,"761":0,"762":0,"763":0,"764":1,"765":0,"766":1,"767":1,"768":1,"769":0,"770":0,"771":0,"772":0,"773":0,"774":1,"775":0,"776":0,"777":0,"778":0,"779":0,"780":0,"781":0,"782":0,"783":0,"784":0,"785":0,"786":0,"787":0,"788":0,"789":0,"790":0,"791":0,"792":0,"793":0,"794":0,"795":0,"796":0,"797":0,"798":0,"799":0,"800":0,"801":0,"802":0,"803":0,"804":0,"805":0,"806":0,"807":0,"808":0,"809":1,"810":1,"811":0,"812":0,"813":0,"814":0,"815":0,"816":0,"817":0,"818":0,"819":0,"820":0,"821":0,"822":0,"823":0,"824":1,"825":0,"826":0,"827":0,"828":0,"829":0,"830":0,"831":0,"832":0,"833":1,"834":0,"835":0,"836":0,"837":0,"838":0,"839":0,"840":0,"841":1,"842":1,"843":1,"844":0,"845":0,"846":0,"847":0,"848":1,"849":0,"850":0,"851":0,"852":1,"853":1,"854":1,"855":1,"856":1,"857":0,"858":0,"859":0,"860":0,"861":0,"862":1,"863":0,"864":0,"865":0,"866":0,"867":0,"868":0,"869":0,"870":0,"871":0,"872":0,"873":0,"874":0,"875":0,"876":1,"877":1,"878":1,"879":0,"880":0,"881":0,"882":0,"883":0,"884":0,"885":0,"886":0,"887":0,"888":0,"889":0,"890":0,"891":0,"892":1,"893":1,"894":1,"895":0,"896":0,"897":0,"898":0,"899":0,"900":0,"901":0,"902":1,"903":0,"904":0,"905":0,"906":0,"907":0,"908":0,"909":0,"910":0,"911":0,"912":0,"913":0,"914":0,"915":0,"916":0,"917":0,"918":0,"919":0,"920":0,"921":0,"922":0,"923":0,"924":0,"925":0,"926":0,"927":0,"928":0,"929":0,"930":0,"931":0,"932":0,"933":0,"934":0,"935":0,"936":0,"937":0,"938":0,"939":0,"940":0,"941":0,"942":0,"943":0,"944":0,"945":0,"946":0,"947":0,"948":0,"949":0,"950":0,"951":0,"952":0,"953":0,"954":0,"955":0,"956":0,"957":0,"958":0,"959":0,"960":0,"961":0,"962":0,"963":0,"964":0,"965":0,"966":0,"967":0,"968":0,"969":0,"970":0,"971":0,"972":0,"973":0,"974":0,"975":0,"976":0,"977":0,"978":0,"979":0,"980":0,"981":0,"982":0,"983":0,"984":0,"985":0,"986":0,"987":0,"988":0,"989":0,"990":0,"991":0,"992":0,"993":0,"994":0,"995":0,"996":0,"997":0,"998":0,"999":0,"1000":0,"1001":0,"1002":0,"1003":0,"1004":0,"1005":0,"1006":0,"1007":0,"1008":0,"1009":0,"1010":0,"1011":0,"1012":0,"1013":0,"1014":0,"1015":0,"1016":0,"1017":0,"1018":0,"1019":0,"1020":0,"1021":0,"1022":0,"1023":0,"1024":0,"1025":0,"1026":0,"1027":0,"1028":1,"1029":1,"1030":0,"1031":0,"1032":0,"1033":0,"1034":0,"1035":0,"1036":0,"1037":0,"1038":0,"1039":0,"1040":0,"1041":0,"1042":0,"1043":0,"1044":0,"1045":0,"1046":0,"1047":0,"1048":0,"1049":0,"1050":0,"1051":0,"1052":0,"1053":1,"1054":1,"1055":0,"1056":0,"1057":0,"1058":1,"1059":1,"1060":0,"1061":0,"1062":0,"1063":1,"1064":0,"1065":0,"1066":0,"1067":0,"1068":0,"1069":0,"1070":0,"1071":1,"1072":0,"1073":1,"1074":1,"1075":1,"1076":0,"1077":0,"1078":1,"1079":0,"1080":0,"1081":1,"1082":1,"1083":1,"1084":0,"1085":0,"1086":0,"1087":0,"1088":1,"1089":0,"1090":0,"1091":0,"1092":0,"1093":0,"1094":0,"1095":1,"1096":1,"1097":0,"1098":1,"1099":1,"1100":1,"1101":0,"1102":0,"1103":0,"1104":0,"1105":1,"1106":0,"1107":0,"1108":0,"1109":0,"1110":0,"1111":1,"1112":1,"1113":1,"1114":0,"1115":1,"1116":1,"1117":1,"1118":0,"1119":0,"1120":0,"1121":0,"1122":1,"1123":0,"1124":0,"1125":0,"1126":0,"1127":0,"1128":1,"1129":1,"1130":1,"1131":0,"1132":1,"1133":1,"1134":1,"1135":0,"1136":0,"1137":0,"1138":0,"1139":1,"1140":0,"1141":0,"1142":0,"1143":0,"1144":0,"1145":0,"1146":0,"1147":0,"1148":0,"1149":0,"1150":0,"1151":0,"1152":1,"1153":1,"1154":1,"1155":0,"1156":1,"1157":1,"1158":1,"1159":0,"1160":0,"1161":0,"1162":0,"1163":0,"1164":0,"1165":0,"1166":0,"1167":0,"1168":1,"1169":0,"1170":0,"1171":0,"1172":0,"1173":0,"1174":0,"1175":1,"1176":1,"1177":0,"1178":1,"1179":1,"1180":1,"1181":0,"1182":0,"1183":0,"1184":0,"1185":0,"1186":0,"1187":0,"1188":0,"1189":0,"1190":1,"1191":0,"1192":0,"1193":0,"1194":0,"1195":0,"1196":0,"1197":0,"1198":0,"1199":0,"1200":0,"1201":0,"1202":0,"1203":0,"1204":0,"1205":0,"1206":0,"1207":1,"1208":1,"1209":1,"1210":1,"1211":2,"1212":0,"1213":2,"1214":2,"1215":0,"1216":0,"1217":0,"1218":0,"1219":0,"1220":0,"1221":0,"1222":0,"1223":2,"1224":0,"1225":0,"1226":0,"1227":0,"1228":0,"1229":0,"1230":2,"1231":0,"1232":0,"1233":0,"1234":0,"1235":0,"1236":0,"1237":0,"1238":0,"1239":0,"1240":1,"1241":0,"1242":0,"1243":1,"1244":0,"1245":0,"1246":0,"1247":0,"1248":0,"1249":0,"1250":0,"1251":0,"1252":1,"1253":1,"1254":1,"1255":1,"1256":1,"1257":1,"1258":1,"1259":0,"1260":0,"1261":0,"1262":0,"1263":0,"1264":1,"1265":1,"1266":0,"1267":0,"1268":0,"1269":0,"1270":0,"1271":1,"1272":1,"1273":1,"1274":1,"1275":0,"1276":0,"1277":0,"1278":1,"1279":0,"1280":0,"1281":0,"1282":0,"1283":0,"1284":0,"1285":0,"1286":0,"1287":0,"1288":0,"1289":0,"1290":0,"1291":0,"1292":0,"1293":1,"1294":1,"1295":1,"1296":0,"1297":0,"1298":0,"1299":0,"1300":0,"1301":1,"1302":1,"1303":1,"1304":1,"1305":1,"1306":0,"1307":1,"1308":0,"1309":0,"1310":0,"1311":0,"1312":0,"1313":0,"1314":0,"1315":0,"1316":0,"1317":0,"1318":0,"1319":0,"1320":0,"1321":0,"1322":0,"1323":0,"1324":0,"1325":0,"1326":0,"1327":0,"1328":0,"1329":0,"1330":0,"1331":0,"1332":0,"1333":0,"1334":0,"1335":0,"1336":0,"1337":0,"1338":1,"1339":0,"1340":1,"1341":1,"1342":1,"1343":0,"1344":0,"1345":1,"1346":1,"1347":1,"1348":0,"1349":0,"1350":1,"1351":1,"1352":0,"1353":0,"1354":0,"1355":0,"1356":0,"1357":1,"1358":0,"1359":0,"1360":0,"1361":0,"1362":0,"1363":0,"1364":0,"1365":0,"1366":0,"1367":0,"1368":0,"1369":1,"1370":1,"1371":0,"1372":0,"1373":1,"1374":1,"1375":1,"1376":0,"1377":0,"1378":1,"1379":0,"1380":0,"1381":0,"1382":0,"1383":1,"1384":1,"1385":0,"1386":0,"1387":1,"1388":1,"1389":1,"1390":0,"1391":0,"1392":1,"1393":0,"1394":1,"1395":1,"1396":1,"1397":0,"1398":0,"1399":0,"1400":0,"1401":0,"1402":1,"1403":0,"1404":0,"1405":0,"1406":0,"1407":0,"1408":0,"1409":0,"1410":0,"1411":0,"1412":0,"1413":0,"1414":0,"1415":1,"1416":1,"1417":0,"1418":0,"1419":0,"1420":0,"1421":0,"1422":0,"1423":0,"1424":0,"1425":0,"1426":0,"1427":0,"1428":1,"1429":1,"1430":1,"1431":0,"1432":0,"1433":1,"1434":0,"1435":0,"1436":0,"1437":0,"1438":1,"1439":1,"1440":1,"1441":0,"1442":0,"1443":0,"1444":0,"1445":0,"1446":0,"1447":0,"1448":0,"1449":0,"1450":0,"1451":0,"1452":0,"1453":0,"1454":0,"1455":1,"1456":0,"1457":0,"1458":0,"1459":1,"1460":0,"1461":0,"1462":0,"1463":0,"1464":1,"1465":1,"1466":1,"1467":0,"1468":0,"1469":0,"1470":0,"1471":0,"1472":0,"1473":0,"1474":0,"1475":0,"1476":0,"1477":0,"1478":0,"1479":0,"1480":0,"1481":0,"1482":0,"1483":1,"1484":0,"1485":0,"1486":0,"1487":0,"1488":0,"1489":0,"1490":0,"1491":0,"1492":0,"1493":0,"1494":0,"1495":0,"1496":0,"1497":0,"1498":0,"1499":0,"1500":0,"1501":0,"1502":0,"1503":0,"1504":0,"1505":0,"1506":0,"1507":0,"1508":0,"1509":0,"1510":0,"1511":0,"1512":1,"1513":1,"1514":1,"1515":0,"1516":1,"1517":1,"1518":0,"1519":0,"1520":0,"1521":0,"1522":0,"1523":0,"1524":0,"1525":1,"1526":0,"1527":0,"1528":0,"1529":0,"1530":0,"1531":0,"1532":0,"1533":0,"1534":0,"1535":0,"1536":0,"1537":0,"1538":0,"1539":0,"1540":0,"1541":0,"1542":0,"1543":0,"1544":0,"1545":0,"1546":0,"1547":0,"1548":0,"1549":0,"1550":0,"1551":0,"1552":0,"1553":1,"1554":1,"1555":0,"1556":1,"1557":0,"1558":1,"1559":1,"1560":1,"1561":0,"1562":1,"1563":0,"1564":1,"1565":0,"1566":1,"1567":0,"1568":1,"1569":0,"1570":1,"1571":0,"1572":0,"1573":1,"1574":0,"1575":1,"1576":0,"1577":1,"1578":0,"1579":1,"1580":0,"1581":1,"1582":0,"1583":1,"1584":0,"1585":1,"1586":0,"1587":0,"1588":0,"1589":1,"1590":0,"1591":0,"1592":0,"1593":1,"1594":1,"1595":1,"1596":0,"1597":0,"1598":0,"1599":0,"1600":0,"1601":0,"1602":1,"1603":0,"1604":0,"1605":0,"1606":0,"1607":0,"1608":0,"1609":0,"1610":0,"1611":0,"1612":0,"1613":0,"1614":0,"1615":0,"1616":0,"1617":1,"1618":0,"1619":1,"1620":0,"1621":0,"1622":0,"1623":1,"1624":4,"1625":4,"1626":17,"1627":4,"1628":1,"1629":0,"1630":0,"1631":0,"1632":0,"1633":1,"1634":20,"1635":0,"1636":0,"1637":0,"1638":0,"1639":1,"1640":0,"1641":0,"1642":0,"1643":0,"1644":0,"1645":0,"1646":0,"1647":0,"1648":1,"1649":0,"1650":0,"1651":1,"1652":0,"1653":1,"1654":1,"1655":1,"1656":0,"1657":0,"1658":1,"1659":0,"1660":0,"1661":0,"1662":0,"1663":1,"1664":1,"1665":1,"1666":0,"1667":0,"1668":1,"1669":0,"1670":0,"1671":0,"1672":0,"1673":0,"1674":0,"1675":0,"1676":0,"1677":1,"1678":1,"1679":1,"1680":1,"1681":1,"1682":0,"1683":0,"1684":1,"1685":0,"1686":1,"1687":1,"1688":0,"1689":0,"1690":1,"1691":1,"1692":1,"1693":0,"1694":0,"1695":0,"1696":0,"1697":0,"1698":0,"1699":0,"1700":0,"1701":1,"1702":0,"1703":0,"1704":0,"1705":0,"1706":0,"1707":0,"1708":0,"1709":0,"1710":0,"1711":0,"1712":0,"1713":0,"1714":0,"1715":0,"1716":0,"1717":0,"1718":0,"1719":0,"1720":0,"1721":0,"1722":0,"1723":0,"1724":0,"1725":0,"1726":0,"1727":0,"1728":0,"1729":0,"1730":0,"1731":0,"1732":0,"1733":0,"1734":0,"1735":0,"1736":0,"1737":0,"1738":0,"1739":0,"1740":0,"1741":0,"1742":0,"1743":0,"1744":0,"1745":0,"1746":0,"1747":0,"1748":0,"1749":0,"1750":0,"1751":0,"1752":0,"1753":0,"1754":0,"1755":0,"1756":0,"1757":0,"1758":0,"1759":0,"1760":0,"1761":0,"1762":0,"1763":0,"1764":0,"1765":0,"1766":0,"1767":0,"1768":0,"1769":0,"1770":0,"1771":0,"1772":0,"1773":0,"1774":1,"1775":1,"1776":0,"1777":0,"1778":0,"1779":0,"1780":0,"1781":0,"1782":0,"1783":1,"1784":0,"1785":0,"1786":0,"1787":0,"1788":1,"1789":0,"1790":0,"1791":0,"1792":0,"1793":1,"1794":0,"1795":0,"1796":1,"1797":1,"1798":2,"1799":0,"1800":0,"1801":0,"1802":0,"1803":1,"1804":1,"1805":1,"1806":0,"1807":0,"1808":0,"1809":0,"1810":1,"1811":0,"1812":0,"1813":0,"1814":0,"1815":0,"1816":0,"1817":0,"1818":0,"1819":1,"1820":1,"1821":0,"1822":1,"1823":1,"1824":1,"1825":0,"1826":0,"1827":1,"1828":0,"1829":0,"1830":0,"1831":0,"1832":1,"1833":1,"1834":0,"1835":0,"1836":1,"1837":1,"1838":1,"1839":0,"1840":0,"1841":0,"1842":0,"1843":0,"1844":1,"1845":0,"1846":0,"1847":1,"1848":1,"1849":1,"1850":1,"1851":1,"1852":0,"1853":0,"1854":1,"1855":0,"1856":0,"1857":0,"1858":0,"1859":0,"1860":0,"1861":1,"1862":1,"1863":0,"1864":1,"1865":1,"1866":1,"1867":0,"1868":0,"1869":0,"1870":0,"1871":0,"1872":1,"1873":0,"1874":0,"1875":0,"1876":0,"1877":0,"1878":0,"1879":0,"1880":0,"1881":0,"1882":0,"1883":0,"1884":0,"1885":0,"1886":0,"1887":0,"1888":0,"1889":0,"1890":0,"1891":0,"1892":0,"1893":0,"1894":0,"1895":0,"1896":0,"1897":0,"1898":0,"1899":0,"1900":0,"1901":0,"1902":0,"1903":0,"1904":0,"1905":0,"1906":0,"1907":0,"1908":0,"1909":0,"1910":0,"1911":0,"1912":0,"1913":0,"1914":0,"1915":0,"1916":0,"1917":0,"1918":0,"1919":0,"1920":0,"1921":0,"1922":1,"1923":1,"1924":1,"1925":1,"1926":1,"1927":0,"1928":0,"1929":1,"1930":0,"1931":0,"1932":0,"1933":0,"1934":0,"1935":0,"1936":1,"1937":1,"1938":1,"1939":1,"1940":1,"1941":0,"1942":0,"1943":1,"1944":0,"1945":0,"1946":0,"1947":0,"1948":0,"1949":0,"1950":0,"1951":0,"1952":0,"1953":0,"1954":0,"1955":0,"1956":0,"1957":0,"1958":0,"1959":0,"1960":0,"1961":0,"1962":0,"1963":0,"1964":0,"1965":0,"1966":0,"1967":0,"1968":1,"1969":1,"1970":0,"1971":0,"1972":0,"1973":0,"1974":0,"1975":0,"1976":0,"1977":0,"1978":0,"1979":0,"1980":0,"1981":0,"1982":0,"1983":0,"1984":0,"1985":1,"1986":1,"1987":1,"1988":0,"1989":0,"1990":0,"1991":0,"1992":0,"1993":1,"1994":0,"1995":1,"1996":1,"1997":0,"1998":1,"1999":0,"2000":0,"2001":0,"2002":0,"2003":0,"2004":0,"2005":0,"2006":0,"2007":0,"2008":0,"2009":0,"2010":0,"2011":0,"2012":0,"2013":0,"2014":0,"2015":0,"2016":1,"2017":1,"2018":0,"2019":0,"2020":0,"2021":1,"2022":1,"2023":1,"2024":0,"2025":0,"2026":0,"2027":0,"2028":0,"2029":0,"2030":0,"2031":0,"2032":1,"2033":0,"2034":0,"2035":0,"2036":1,"2037":1,"2038":1,"2039":0,"2040":0,"2041":1,"2042":0,"2043":1,"2044":1,"2045":1,"2046":1,"2047":1,"2048":0,"2049":0,"2050":1,"2051":0,"2052":0,"2053":0,"2054":0,"2055":0,"2056":0,"2057":0,"2058":0,"2059":1,"2060":1,"2061":1,"2062":1,"2063":1,"2064":0,"2065":0,"2066":1,"2067":0,"2068":0,"2069":0,"2070":0,"2071":0,"2072":0,"2073":0,"2074":0,"2075":0,"2076":0,"2077":0,"2078":0,"2079":0,"2080":0,"2081":0,"2082":0,"2083":1,"2084":1,"2085":1,"2086":1,"2087":1,"2088":0,"2089":0,"2090":1,"2091":0,"2092":0,"2093":0,"2094":0,"2095":0,"2096":0,"2097":0,"2098":0,"2099":1,"2100":1,"2101":1,"2102":1,"2103":1,"2104":0,"2105":0,"2106":1,"2107":0,"2108":0,"2109":0,"2110":0,"2111":0,"2112":0,"2113":0,"2114":0,"2115":1,"2116":1,"2117":1,"2118":1,"2119":1,"2120":0,"2121":0,"2122":1,"2123":0,"2124":0,"2125":0,"2126":0,"2127":0,"2128":0,"2129":0,"2130":0,"2131":0,"2132":0,"2133":0,"2134":0,"2135":0,"2136":0,"2137":0,"2138":0,"2139":1,"2140":1,"2141":0,"2142":0,"2143":0,"2144":0,"2145":0,"2146":0,"2147":0,"2148":1,"2149":1,"2150":1,"2151":0,"2152":0,"2153":1,"2154":0,"2155":0,"2156":0,"2157":0,"2158":1,"2159":1,"2160":1,"2161":1,"2162":1,"2163":0,"2164":0,"2165":1,"2166":0,"2167":0,"2168":0,"2169":0,"2170":0,"2171":0,"2172":0,"2173":0,"2174":1,"2175":1,"2176":1,"2177":1,"2178":1,"2179":0,"2180":0,"2181":1,"2182":0,"2183":1,"2184":1,"2185":0,"2186":0,"2187":1,"2188":1,"2189":1,"2190":0,"2191":0,"2192":1,"2193":0,"2194":0,"2195":0,"2196":0,"2197":0,"2198":0,"2199":0,"2200":0,"2201":1,"2202":1,"2203":1,"2204":1,"2205":1,"2206":0,"2207":0,"2208":1,"2209":0,"2210":0,"2211":0,"2212":0,"2213":0,"2214":0,"2215":0,"2216":0,"2217":0,"2218":0,"2219":1,"2220":1,"2221":1,"2222":1,"2223":1,"2224":0,"2225":0,"2226":1,"2227":0,"2228":0,"2229":0,"2230":0,"2231":0,"2232":0,"2233":0,"2234":0,"2235":0,"2236":0,"2237":0,"2238":0,"2239":0,"2240":0,"2241":1,"2242":1,"2243":1,"2244":1,"2245":1,"2246":0,"2247":0,"2248":0,"2249":0,"2250":0,"2251":0,"2252":1,"2253":1,"2254":1,"2255":1,"2256":0,"2257":0,"2258":0,"2259":0,"2260":0,"2261":0,"2262":0,"2263":0,"2264":0,"2265":0,"2266":0,"2267":0,"2268":0,"2269":0,"2270":0,"2271":0,"2272":1,"2273":0,"2274":0,"2275":0,"2276":0,"2277":0,"2278":0,"2279":0,"2280":0,"2281":0,"2282":0,"2283":0,"2284":0,"2285":0,"2286":0,"2287":0,"2288":0,"2289":0,"2290":0,"2291":0,"2292":0,"2293":0,"2294":0,"2295":0,"2296":0,"2297":0,"2298":0,"2299":0,"2300":0,"2301":0,"2302":0,"2303":0,"2304":0,"2305":0,"2306":0,"2307":0,"2308":1,"2309":1,"2310":1,"2311":1,"2312":0,"2313":0,"2314":0,"2315":0,"2316":0,"2317":0,"2318":0,"2319":0,"2320":0,"2321":0,"2322":0,"2323":0,"2324":0,"2325":0,"2326":0,"2327":0,"2328":1,"2329":0,"2330":0,"2331":1,"2332":1,"2333":1,"2334":0,"2335":0,"2336":0,"2337":0,"2338":0,"2339":0,"2340":0,"2341":1,"2342":1,"2343":0,"2344":0,"2345":0,"2346":0,"2347":0,"2348":0,"2349":0,"2350":0,"2351":0,"2352":0,"2353":0,"2354":0,"2355":0,"2356":0,"2357":0,"2358":0,"2359":0,"2360":0,"2361":0,"2362":1,"2363":0,"2364":0,"2365":0,"2366":0,"2367":0,"2368":0,"2369":0,"2370":0,"2371":0,"2372":0,"2373":0,"2374":0,"2375":0,"2376":0,"2377":0,"2378":0,"2379":0,"2380":0,"2381":0,"2382":0,"2383":0,"2384":0,"2385":0,"2386":0,"2387":0,"2388":0,"2389":0,"2390":0,"2391":0,"2392":0,"2393":0,"2394":0,"2395":0,"2396":0,"2397":0,"2398":0,"2399":0,"2400":0,"2401":0,"2402":0,"2403":0,"2404":0,"2405":0,"2406":0,"2407":0,"2408":0,"2409":0,"2410":0,"2411":0,"2412":0,"2413":0,"2414":0,"2415":0,"2416":0,"2417":0,"2418":0,"2419":0,"2420":0,"2421":0,"2422":0,"2423":0,"2424":0,"2425":0,"2426":0,"2427":0,"2428":0,"2429":0,"2430":0,"2431":0,"2432":0,"2433":0,"2434":0,"2435":0,"2436":0,"2437":0,"2438":0,"2439":0,"2440":0,"2441":0,"2442":0,"2443":0,"2444":0,"2445":0,"2446":0,"2447":0,"2448":0,"2449":0,"2450":0,"2451":0,"2452":0,"2453":0,"2454":0,"2455":0,"2456":0,"2457":0,"2458":0,"2459":0,"2460":0,"2461":0,"2462":0,"2463":0,"2464":0,"2465":0,"2466":0,"2467":0,"2468":0,"2469":0,"2470":0,"2471":0,"2472":0,"2473":0,"2474":0,"2475":0,"2476":0,"2477":0,"2478":0,"2479":0,"2480":0,"2481":0,"2482":0,"2483":0,"2484":0,"2485":0,"2486":0,"2487":1,"2488":1,"2489":1,"2490":0,"2491":0,"2492":0,"2493":0,"2494":0,"2495":0,"2496":0,"2497":0,"2498":0,"2499":0,"2500":0,"2501":0,"2502":0,"2503":0,"2504":0,"2505":0,"2506":0,"2507":0,"2508":0,"2509":0,"2510":0,"2511":0,"2512":0,"2513":0,"2514":0,"2515":0,"2516":1,"2517":0,"2518":0,"2519":0,"2520":0,"2521":0,"2522":0,"2523":0,"2524":0,"2525":0,"2526":1,"2527":0,"2528":0,"2529":0,"2530":0,"2531":0,"2532":0,"2533":1,"2534":0,"2535":0,"2536":0,"2537":0,"2538":0,"2539":0,"2540":0,"2541":1,"2542":0,"2543":1,"2544":0,"2545":1,"2546":0,"2547":0,"2548":0,"2549":1,"2550":0,"2551":0,"2552":1,"2553":0,"2554":1,"2555":0,"2556":1,"2557":0,"2558":0,"2559":0,"2560":1,"2561":0,"2562":0,"2563":0,"2564":1,"2565":0,"2566":0,"2567":1,"2568":1,"2569":1,"2570":1,"2571":1,"2572":1,"2573":1,"2574":0,"2575":0,"2576":0,"2577":0,"2578":0,"2579":0,"2580":0,"2581":0,"2582":0},"b":{"1":[0,0],"2":[0,0],"3":[0,0],"4":[0,0],"5":[0,0],"6":[286,286],"7":[233,53],"8":[53,1],"9":[1,53],"10":[0,2],"11":[0,0],"12":[0,0],"13":[0,0,0],"14":[0,47],"15":[47,0],"16":[47,47],"17":[47,0],"18":[47,0],"19":[1,0],"20":[0,0],"21":[0,0],"22":[0,0,0,0],"23":[0,0],"24":[0,0],"25":[0,0],"26":[0,0],"27":[0,0],"28":[0,0],"29":[0,0],"30":[0,0,0],"31":[0,0],"32":[0,0],"33":[0,0],"34":[0,0],"35":[0,0],"36":[0,0],"37":[0,0],"38":[0,0],"39":[0,0,0],"40":[0,0],"41":[0,0],"42":[0,0],"43":[0,0],"44":[0,0],"45":[0,0],"46":[0,0],"47":[0,0],"48":[0,0],"49":[0,0],"50":[0,0],"51":[0,0],"52":[0,0],"53":[0,0,0,0,0,0,0,0,0],"54":[0,0],"55":[0,0],"56":[0,0],"57":[0,0],"58":[0,0],"59":[0,0],"60":[0,0],"61":[0,0],"62":[0,0],"63":[0,0],"64":[0,0],"65":[0,0],"66":[0,0],"67":[0,0],"68":[0,0],"69":[0,0],"70":[0,0],"71":[0,0],"72":[0,0],"73":[0,0],"74":[0,0],"75":[0,0],"76":[0,0],"77":[0,0],"78":[0,0],"79":[0,0],"80":[0,0],"81":[0,0],"82":[0,0],"83":[0,0],"84":[0,0],"85":[0,0],"86":[0,0],"87":[0,0],"88":[0,0],"89":[0,0],"90":[0,0],"91":[0,0],"92":[19,161],"93":[180,10],"94":[180,13,167,138],"95":[180,161],"96":[155,25],"97":[24,1],"98":[0,180],"99":[24,156],"100":[24,0],"101":[0,24],"102":[0,0],"103":[0,0],"104":[0,0],"105":[0,0],"106":[0,0],"107":[0,0],"108":[0,0],"109":[0,0],"110":[0,0],"111":[0,0],"112":[0,0],"113":[0,0],"114":[0,0],"115":[0,0],"116":[0,0],"117":[0,0],"118":[0,0],"119":[0,0],"120":[0,0],"121":[0,0],"122":[0,0],"123":[0,0],"124":[0,0],"125":[0,0],"126":[0,0],"127":[0,0],"128":[0,0],"129":[0,0],"130":[0,0],"131":[0,0],"132":[0,0],"133":[0,0],"134":[0,0],"135":[0,0],"136":[0,0],"137":[0,0],"138":[0,0],"139":[0,0,0],"140":[0,0],"141":[0,0],"142":[0,0],"143":[0,0],"144":[0,0],"145":[0,0],"146":[0,0],"147":[0,0],"148":[0,0],"149":[0,0],"150":[0,0],"151":[0,0],"152":[0,0],"153":[0,0],"154":[0,0,0,0],"155":[0,0],"156":[0,0],"157":[0,0],"158":[0,0],"159":[0,0],"160":[0,0],"161":[0,0],"162":[0,0],"163":[0,0],"164":[0,0],"165":[0,0],"166":[0,0],"167":[0,0],"168":[0,0],"169":[0,0],"170":[0,0],"171":[0,0],"172":[0,0],"173":[0,0],"174":[0,0],"175":[0,0],"176":[0,0],"177":[0,0],"178":[0,0],"179":[0,0],"180":[0,0],"181":[0,0],"182":[0,0],"183":[0,0],"184":[0,0],"185":[0,0],"186":[0,0],"187":[0,0],"188":[0,0],"189":[0,0],"190":[0,0],"191":[0,0],"192":[0,0],"193":[0,0],"194":[0,0],"195":[0,0],"196":[0,0],"197":[0,0],"198":[0,0,0],"199":[0,0],"200":[0,0],"201":[0,0],"202":[0,0],"203":[0,0,0],"204":[0,0],"205":[0,0,0],"206":[0,0],"207":[0,0],"208":[0,0],"209":[0,0],"210":[0,0],"211":[0,0],"212":[0,0],"213":[0,0],"214":[0,0],"215":[0,0],"216":[0,0],"217":[0,0],"218":[0,0],"219":[0,0,0,0],"220":[0,0],"221":[0,0],"222":[0,0],"223":[0,1],"224":[0,0],"225":[0,0],"226":[0,0],"227":[0,0],"228":[0,0],"229":[0,0],"230":[0,0],"231":[0,0],"232":[0,0],"233":[0,0],"234":[0,0],"235":[0,0],"236":[0,0],"237":[0,0],"238":[0,0],"239":[0,0],"240":[0,0],"241":[0,0],"242":[0,0],"243":[0,0],"244":[0,0],"245":[0,0],"246":[0,0],"247":[0,0],"248":[0,0],"249":[0,0],"250":[0,0],"251":[0,0],"252":[0,0],"253":[0,0],"254":[0,0],"255":[0,0],"256":[0,0],"257":[0,0],"258":[0,0],"259":[0,0],"260":[0,0],"261":[0,0],"262":[0,0],"263":[0,0],"264":[0,0],"265":[0,0],"266":[0,0],"267":[0,0],"268":[0,0],"269":[0,0],"270":[0,0],"271":[0,0],"272":[0,0],"273":[0,0],"274":[0,0],"275":[0,0],"276":[0,0],"277":[0,0],"278":[0,0],"279":[0,0],"280":[0,0],"281":[0,0],"282":[0,0],"283":[0,0],"284":[0,0],"285":[0,0,0],"286":[0,0],"287":[0,0],"288":[0,0],"289":[0,0],"290":[0,0],"291":[0,0],"292":[0,0],"293":[0,0],"294":[0,0],"295":[0,0],"296":[0,0],"297":[0,0],"298":[0,0],"299":[0,0],"300":[0,0],"301":[0,0],"302":[0,0],"303":[0,0],"304":[0,0],"305":[0,0],"306":[0,0],"307":[0,0],"308":[0,0],"309":[0,0],"310":[0,0],"311":[0,0],"312":[0,0],"313":[0,0],"314":[0,0],"315":[0,0],"316":[0,0],"317":[0,0],"318":[0,0],"319":[0,0],"320":[0,0],"321":[0,0],"322":[0,0],"323":[0,0],"324":[0,0],"325":[0,0],"326":[0,0],"327":[0,0],"328":[0,0],"329":[0,0],"330":[0,0],"331":[0,0],"332":[0,0],"333":[0,0],"334":[0,0],"335":[0,0],"336":[0,0],"337":[0,0],"338":[0,0],"339":[0,0],"340":[0,0],"341":[0,0],"342":[0,0],"343":[0,0],"344":[0,0],"345":[0,0],"346":[0,0],"347":[0,0],"348":[0,0],"349":[0,0],"350":[0,0],"351":[0,0,0,0],"352":[0,0],"353":[0,0],"354":[0,0,0],"355":[0,0,0],"356":[0,0],"357":[0,0],"358":[0,2],"359":[0,0],"360":[0,0],"361":[0,0],"362":[0,0],"363":[0,0],"364":[0,0],"365":[0,0],"366":[0,0],"367":[0,0],"368":[0,0],"369":[0,0],"370":[0,0],"371":[0,0],"372":[0,0],"373":[1,0],"374":[1,0],"375":[0,0],"376":[0,0,0],"377":[0,0],"378":[0,0],"379":[0,0],"380":[0,0],"381":[0,0],"382":[1,0],"383":[0,0],"384":[0,0],"385":[0,0],"386":[0,0],"387":[0,0],"388":[0,0],"389":[0,0],"390":[0,0],"391":[0,0],"392":[0,0],"393":[0,0],"394":[0,0],"395":[0,0],"396":[0,0],"397":[0,0],"398":[0,0],"399":[0,0],"400":[0,0],"401":[0,0],"402":[0,0],"403":[0,0],"404":[0,0],"405":[0,0],"406":[0,0],"407":[0,0],"408":[0,0],"409":[0,0],"410":[0,0],"411":[0,0],"412":[0,0],"413":[0,0],"414":[0,0],"415":[0,0],"416":[0,0],"417":[0,0],"418":[0,0],"419":[0,0],"420":[0,0],"421":[0,0],"422":[0,0],"423":[0,0],"424":[0,0],"425":[0,0],"426":[0,0],"427":[0,0],"428":[0,0],"429":[0,0],"430":[0,0],"431":[0,0],"432":[0,0],"433":[0,0],"434":[0,0],"435":[0,0],"436":[0,0],"437":[0,0],"438":[0,0],"439":[0,0],"440":[0,0],"441":[0,0],"442":[0,0],"443":[0,0],"444":[0,0],"445":[0,0],"446":[0,0],"447":[0,0],"448":[0,0],"449":[0,0],"450":[0,0],"451":[0,0],"452":[0,0],"453":[0,0],"454":[0,0],"455":[0,0],"456":[0,0],"457":[0,0],"458":[0,0],"459":[0,0],"460":[0,0],"461":[0,0,0],"462":[0,0],"463":[0,0,0],"464":[0,0],"465":[0,0],"466":[0,0],"467":[0,0],"468":[0,0],"469":[0,0],"470":[0,0],"471":[0,0],"472":[0,0],"473":[0,0],"474":[0,0],"475":[0,0],"476":[0,0],"477":[0,0],"478":[0,0],"479":[0,0],"480":[0,0],"481":[0,0],"482":[0,0],"483":[0,0],"484":[0,0],"485":[0,0],"486":[0,0],"487":[0,0],"488":[0,0],"489":[0,0],"490":[0,0,0,0,0,0,0],"491":[0,0],"492":[0,0],"493":[0,0],"494":[0,0],"495":[0,0],"496":[0,0],"497":[0,0],"498":[0,0],"499":[0,0],"500":[0,0,0],"501":[0,0],"502":[0,0],"503":[0,0],"504":[0,0],"505":[0,0],"506":[0,0],"507":[0,0],"508":[0,0],"509":[0,0],"510":[0,0],"511":[0,0],"512":[0,0],"513":[0,0],"514":[0,0],"515":[0,0],"516":[0,0],"517":[0,0],"518":[0,0],"519":[0,0],"520":[0,0],"521":[0,0],"522":[0,0],"523":[0,0],"524":[0,0],"525":[0,0],"526":[0,0],"527":[0,0],"528":[0,0],"529":[0,0],"530":[0,0],"531":[0,0],"532":[0,0],"533":[0,0],"534":[0,0],"535":[0,0],"536":[0,0],"537":[0,0],"538":[0,0],"539":[0,0],"540":[0,0],"541":[0,0],"542":[0,0],"543":[0,0],"544":[0,0],"545":[0,0],"546":[0,0],"547":[0,0],"548":[0,0],"549":[0,0],"550":[0,0],"551":[0,0,0],"552":[0,0,0],"553":[0,0,0],"554":[0,0],"555":[0,0],"556":[0,0],"557":[0,0],"558":[0,0],"559":[0,0],"560":[0,0],"561":[0,0],"562":[0,0],"563":[0,0],"564":[0,0],"565":[0,0],"566":[0,0],"567":[0,0],"568":[0,0],"569":[0,0],"570":[0,0],"571":[0,0],"572":[0,0],"573":[0,0],"574":[0,0],"575":[0,0],"576":[0,0],"577":[0,0],"578":[0,0],"579":[0,0],"580":[0,0],"581":[0,0],"582":[0,0],"583":[0,0],"584":[0,0],"585":[0,0],"586":[0,0],"587":[0,0],"588":[0,0],"589":[0,0],"590":[0,0],"591":[0,0],"592":[0,0],"593":[0,0],"594":[0,0],"595":[0,0],"596":[0,0],"597":[0,0],"598":[0,0],"599":[0,0],"600":[0,0],"601":[0,0],"602":[0,0],"603":[0,0],"604":[0,0],"605":[0,0],"606":[0,0],"607":[0,0],"608":[0,0],"609":[0,0],"610":[0,0],"611":[0,0],"612":[0,0],"613":[0,0],"614":[0,0],"615":[0,0],"616":[0,0],"617":[0,0],"618":[0,0],"619":[0,0],"620":[0,0],"621":[0,0],"622":[0,0],"623":[0,0],"624":[0,0,0],"625":[0,0,0,0],"626":[0,0],"627":[0,0],"628":[0,0],"629":[0,0],"630":[0,0],"631":[0,0],"632":[0,0],"633":[0,0],"634":[0,0],"635":[0,0],"636":[0,0],
[...]
umn":8876},"end":{"line":1,"column":8880}}]},"109":{"line":1,"type":"binary-expr","locations":[{"start":{"line":1,"column":8920},"end":{"line":1,"column":8934}},{"start":{"line":1,"column":8936},"end":{"line":1,"column":8938}}]},"110":{"line":1,"type":"binary-expr","locations":[{"start":{"line":1,"column":9490},"end":{"line":1,"column":9500}},{"start":{"line":1,"column":9503},"end":{"line":1,"column":9551}}]},"111":{"line":1,"type":"if","locations":[{"start":{"line":1,"column":10005},"end":{"line":1,"column":10005}},{"start":{"line":1,"column":10005},"end":{"line":1,"column":10005}}]},"112":{"line":1,"type":"binary-expr","locations":[{"start":{"line":1,"column":10329},"end":{"line":1,"column":10354}},{"start":{"line":1,"column":10356},"end":{"line":1,"column":10358}}]},"113":{"line":1,"type":"cond-expr","locations":[{"start":{"line":1,"column":10385},"end":{"line":1,"column":10398}},{"start":{"line":1,"column":10399},"end":{"line":1,"column":10429}}]},"114":{"line":1,"type":"cond-expr","locations":[{"start":{"line":1,"column":10453},"end":{"line":1,"column":10463}},{"start":{"line":1,"column":10464},"end":{"line":1,"column":10478}}]},"115":{"line":1,"type":"binary-expr","locations":[{"start":{"line":1,"column":10642},"end":{"line":1,"column":10667}},{"start":{"line":1,"column":10670},"end":{"line":1,"column":10690}}]},"116":{"line":1,"type":"binary-expr","locations":[{"start":{"line":1,"column":10692},"end":{"line":1,"column":10710}},{"start":{"line":1,"column":10712},"end":{"line":1,"column":10718}},{"start":{"line":1,"column":10721},"end":{"line":1,"column":10742}}]},"117":{"line":1,"type":"cond-expr","locations":[{"start":{"line":1,"column":10830},"end":{"line":1,"column":10834}},{"start":{"line":1,"column":10835},"end":{"line":1,"column":10846}}]},"118":{"line":1,"type":"cond-expr","locations":[{"start":{"line":1,"column":10898},"end":{"line":1,"column":10902}},{"start":{"line":1,"column":10903},"end":{"line":1,"column":10907}}]},"119":{"line":1,"type":"if","locations":[{"start":{"line":1,"column":10952},"end":{"line":1,"column":10952}},{"start":{"line":1,"column":10952},"end":{"line":1,"column":10952}}]},"120":{"line":1,"type":"cond-expr","locations":[{"start":{"line":1,"column":11011},"end":{"line":1,"column":11018}},{"start":{"line":1,"column":11019},"end":{"line":1,"column":11024}}]},"121":{"line":1,"type":"cond-expr","locations":[{"start":{"line":1,"column":11200},"end":{"line":1,"column":11212}},{"start":{"line":1,"column":11214},"end":{"line":1,"column":11227}}]},"122":{"line":1,"type":"if","locations":[{"start":{"line":1,"column":11461},"end":{"line":1,"column":11461}},{"start":{"line":1,"column":11461},"end":{"line":1,"column":11461}}]},"123":{"line":1,"type":"if","locations":[{"start":{"line":1,"column":11488},"end":{"line":1,"column":11488}},{"start":{"line":1,"column":11488},"end":{"line":1,"column":11488}}]},"124":{"line":1,"type":"if","locations":[{"start":{"line":1,"column":11509},"end":{"line":1,"column":11509}},{"start":{"line":1,"column":11509},"end":{"line":1,"column":11509}}]},"125":{"line":1,"type":"if","locations":[{"start":{"line":1,"column":11532},"end":{"line":1,"column":11532}},{"start":{"line":1,"column":11532},"end":{"line":1,"column":11532}}]},"126":{"line":1,"type":"if","locations":[{"start":{"line":1,"column":11551},"end":{"line":1,"column":11551}},{"start":{"line":1,"column":11551},"end":{"line":1,"column":11551}}]},"127":{"line":1,"type":"if","locations":[{"start":{"line":1,"column":11570},"end":{"line":1,"column":11570}},{"start":{"line":1,"column":11570},"end":{"line":1,"column":11570}}]},"128":{"line":1,"type":"if","locations":[{"start":{"line":1,"column":11588},"end":{"line":1,"column":11588}},{"start":{"line":1,"column":11588},"end":{"line":1,"column":11588}}]},"129":{"line":1,"type":"if","locations":[{"start":{"line":1,"column":11607},"end":{"line":1,"column":11607}},{"start":{"line":1,"column":11607},"end":{"line":1,"column":11607}}]},"130":{"line":1,"type":"binary-expr","locations":[{"start":{"line":1,"column":11610},"end":{"line":1,"column":11628}},{"start":{"line":1,"column":11630},"end":{"line":1,"column":11650}}]},"131":{"line":1,"type":"if","locations":[{"start":{"line":1,"column":11668},"end":{"line":1,"column":11668}},{"start":{"line":1,"column":11668},"end":{"line":1,"column":11668}}]},"132":{"line":1,"type":"if","locations":[{"start":{"line":1,"column":11869},"end":{"line":1,"column":11869}},{"start":{"line":1,"column":11869},"end":{"line":1,"column":11869}}]},"133":{"line":1,"type":"binary-expr","locations":[{"start":{"line":1,"column":11872},"end":{"line":1,"column":11873}},{"start":{"line":1,"column":11876},"end":{"line":1,"column":11894}},{"start":{"line":1,"column":11896},"end":{"line":1,"column":11916}}]},"134":{"line":1,"type":"if","locations":[{"start":{"line":1,"column":11919},"end":{"line":1,"column":11919}},{"start":{"line":1,"column":11919},"end":{"line":1,"column":11919}}]},"135":{"line":1,"type":"binary-expr","locations":[{"start":{"line":1,"column":11922},"end":{"line":1,"column":11936}},{"start":{"line":1,"column":11938},"end":{"line":1,"column":11963}}]},"136":{"line":1,"type":"cond-expr","locations":[{"start":{"line":1,"column":12006},"end":{"line":1,"column":12016}},{"start":{"line":1,"column":12018},"end":{"line":1,"column":12072}}]},"137":{"line":1,"type":"binary-expr","locations":[{"start":{"line":1,"column":12018},"end":{"line":1,"column":12027}},{"start":{"line":1,"column":12029},"end":{"line":1,"column":12037}}]},"138":{"line":1,"type":"if","locations":[{"start":{"line":1,"column":12087},"end":{"line":1,"column":12087}},{"start":{"line":1,"column":12087},"end":{"line":1,"column":12087}}]},"139":{"line":1,"type":"binary-expr","locations":[{"start":{"line":1,"column":12177},"end":{"line":1,"column":12183}},{"start":{"line":1,"column":12185},"end":{"line":1,"column":12189}}]},"140":{"line":1,"type":"if","locations":[{"start":{"line":1,"column":12190},"end":{"line":1,"column":12190}},{"start":{"line":1,"column":12190},"end":{"line":1,"column":12190}}]},"141":{"line":1,"type":"binary-expr","locations":[{"start":{"line":1,"column":12493},"end":{"line":1,"column":12534}},{"start":{"line":1,"column":12537},"end":{"line":1,"column":12688}}]},"142":{"line":1,"type":"cond-expr","locations":[{"start":{"line":1,"column":12592},"end":{"line":1,"column":12623}},{"start":{"line":1,"column":12624},"end":{"line":1,"column":12628}}]},"143":{"line":1,"type":"binary-expr","locations":[{"start":{"line":1,"column":12745},"end":{"line":1,"column":12746}},{"start":{"line":1,"column":12748},"end":{"line":1,"column":12773}},{"start":{"line":1,"column":12775},"end":{"line":1,"column":12791}}]},"144":{"line":1,"type":"binary-expr","locations":[{"start":{"line":1,"column":12801},"end":{"line":1,"column":12824}},{"start":{"line":1,"column":12827},"end":{"line":1,"column":12835}}]}},"code":["module.exports=function(a){function b(d){if(c[d])return c[d].exports;var e=c[d]={i:d,l:!1,exports:{}};return a[d].call(e.exports,e,e.exports,b),e.l=!0,e.exports}var c={};return b.m=a,b.c=c,b.i=function(a){return a},b.d=function(a,c,d){b.o(a,c)||Object.defineProperty(a,c,{configurable:!1,enumerable:!0,get:d})},b.n=function(a){var c=a&&a.__esModule?function(){return a.default}:function(){return a};return b.d(c,\"a\",c),c},b.o=function(a,b){return Object.prototype.hasOwnProperty.call(a,b)},b.p=\"\",b(b.s=9)}([function(a,b,c){\"use strict\";(function(b){function c(a){g.length||(f(),h=!0),g[g.length]=a}function d(){for(;i<g.length;){var a=i;if(i+=1,g[a].call(),i>j){for(var b=0,c=g.length-i;b<c;b++)g[b]=g[b+i];g.length-=i,i=0}}g.length=0,i=0,h=!1}function e(a){return function(){function b(){clearTimeout(c),clearInterval(d),a()}var c=setTimeout(b,0),d=setInterval(b,50)}}a.exports=c;var f,g=[],h=!1,i=0,j=1024,k=void 0!==b?b:self,l=k.MutationObserver||k.WebKitMutationObserver;f=\"function\"==typeof l?function(a){var b=1,c=new l(a),d=document.createTextNode(\"\");return c.observe(d,{characterData:!0}),function(){b=-b,d.data=b}}(d):e(d),c.requestFlush=f,c.makeRequestCallFromTimer=e}).call(b,c(8))},function(a,b,c){\"use strict\";function d(){}function e(a){try{return a.then}catch(a){return r=a,s}}function f(a,b){try{return a(b)}catch(a){return r=a,s}}function g(a,b,c){try{a(b,c)}catch(a){return r=a,s}}function h(a){if(\"object\"!=typeof this)throw new TypeError(\"Promises must be constructed via new\");if(\"function\"!=typeof a)throw new TypeError(\"not a function\");this._45=0,this._81=0,this._65=null,this._54=null,a!==d&&p(a,this)}function i(a,b,c){return new a.constructor(function(e,f){var g=new h(d);g.then(e,f),j(a,new o(b,c,g))})}function j(a,b){for(;3===a._81;)a=a._65;if(h._10&&h._10(a),0===a._81)return 0===a._45?(a._45=1,void(a._54=b)):1===a._45?(a._45=2,void(a._54=[a._54,b])):void a._54.push(b);k(a,b)}function k(a,b){q(function(){var c=1===a._81?b.onFulfilled:b.onRejected;if(null===c)return void(1===a._81?l(b.promise,a._65):m(b.promise,a._65));var d=f(c,a._65);d===s?m(b.promise,r):l(b.promise,d)})}function l(a,b){if(b===a)return m(a,new TypeError(\"A promise cannot be resolved with itself.\"));if(b&&(\"object\"==typeof b||\"function\"==typeof b)){var c=e(b);if(c===s)return m(a,r);if(c===a.then&&b instanceof h)return a._81=3,a._65=b,void n(a);if(\"function\"==typeof c)return void p(c.bind(b),a)}a._81=1,a._65=b,n(a)}function m(a,b){a._81=2,a._65=b,h._97&&h._97(a,b),n(a)}function n(a){if(1===a._45&&(j(a,a._54),a._54=null),2===a._45){for(var b=0;b<a._54.length;b++)j(a,a._54[b]);a._54=null}}function o(a,b,c){this.onFulfilled=\"function\"==typeof a?a:null,this.onRejected=\"function\"==typeof b?b:null,this.promise=c}function p(a,b){var c=!1,d=g(a,function(a){c||(c=!0,l(b,a))},function(a){c||(c=!0,m(b,a))});c||d!==s||(c=!0,m(b,r))}var q=c(0),r=null,s={};a.exports=h,h._10=null,h._97=null,h._61=d,h.prototype.then=function(a,b){if(this.constructor!==h)return i(this,a,b);var c=new h(d);return j(this,new o(a,b,c)),c}},function(a,b,c){\"use strict\";function d(a,b){if(void 0===a||null===a)throw new TypeError(\"Cannot convert first argument to object\");for(var c=Object(a),d=1;d<arguments.length;d++){var e=arguments[d];if(void 0!==e&&null!==e)for(var f=Object.keys(Object(e)),g=0,h=f.length;g<h;g++){var i=f[g],j=Object.getOwnPropertyDescriptor(e,i);void 0!==j&&j.enumerable&&(c[i]=e[i])}}return c}function e(){Object.assign||Object.defineProperty(Object,\"assign\",{enumerable:!1,configurable:!0,writable:!0,value:d})}a.exports={assign:d,polyfill:e}},function(a,b,c){c(5);\"undefined\"==typeof Promise&&(Promise=c(1),c(6)),c(7)},function(a,b){!function(a){\"use strict\";function b(a){if(\"string\"!=typeof a&&(a=String(a)),/[^a-z0-9\\-#$%&'*+.\\^_`|~]/i.test(a))throw new TypeError(\"Invalid character in header field name\");return a.toLowerCase()}function c(a){return\"string\"!=typeof a&&(a=String(a)),a}function d(a){var b={next:function(){var b=a.shift();return{done:void 0===b,value:b}}};return r.iterable&&(b[Symbol.iterator]=function(){return b}),b}function e(a){this.map={},a instanceof e?a.forEach(function(a,b){this.append(b,a)},this):a&&Object.getOwnPropertyNames(a).forEach(function(b){this.append(b,a[b])},this)}function f(a){if(a.bodyUsed)return Promise.reject(new TypeError(\"Already read\"));a.bodyUsed=!0}function g(a){return new Promise(function(b,c){a.onload=function(){b(a.result)},a.onerror=function(){c(a.error)}})}function h(a){var b=new FileReader,c=g(b);return b.readAsArrayBuffer(a),c}function i(a){var b=new FileReader,c=g(b);return b.readAsText(a),c}function j(a){for(var b=new Uint8Array(a),c=new Array(b.length),d=0;d<b.length;d++)c[d]=String.fromCharCode(b[d]);return c.join(\"\")}function k(a){if(a.slice)return a.slice(0);var b=new Uint8Array(a.byteLength);return b.set(new Uint8Array(a)),b.buffer}function l(){return this.bodyUsed=!1,this._initBody=function(a){if(this._bodyInit=a,a)if(\"string\"==typeof a)this._bodyText=a;else if(r.blob&&Blob.prototype.isPrototypeOf(a))this._bodyBlob=a;else if(r.formData&&FormData.prototype.isPrototypeOf(a))this._bodyFormData=a;else if(r.searchParams&&URLSearchParams.prototype.isPrototypeOf(a))this._bodyText=a.toString();else if(r.arrayBuffer&&r.blob&&t(a))this._bodyArrayBuffer=k(a.buffer),this._bodyInit=new Blob([this._bodyArrayBuffer]);else{if(!r.arrayBuffer||!ArrayBuffer.prototype.isPrototypeOf(a)&&!u(a))throw new Error(\"unsupported BodyInit type\");this._bodyArrayBuffer=k(a)}else this._bodyText=\"\";this.headers.get(\"content-type\")||(\"string\"==typeof a?this.headers.set(\"content-type\",\"text/plain;charset=UTF-8\"):this._bodyBlob&&this._bodyBlob.type?this.headers.set(\"content-type\",this._bodyBlob.type):r.searchParams&&URLSearchParams.prototype.isPrototypeOf(a)&&this.headers.set(\"content-type\",\"application/x-www-form-urlencoded;charset=UTF-8\"))},r.blob&&(this.blob=function(){var a=f(this);if(a)return a;if(this._bodyBlob)return Promise.resolve(this._bodyBlob);if(this._bodyArrayBuffer)return Promise.resolve(new Blob([this._bodyArrayBuffer]));if(this._bodyFormData)throw new Error(\"could not read FormData body as blob\");return Promise.resolve(new Blob([this._bodyText]))},this.arrayBuffer=function(){return this._bodyArrayBuffer?f(this)||Promise.resolve(this._bodyArrayBuffer):this.blob().then(h)}),this.text=function(){var a=f(this);if(a)return a;if(this._bodyBlob)return i(this._bodyBlob);if(this._bodyArrayBuffer)return Promise.resolve(j(this._bodyArrayBuffer));if(this._bodyFormData)throw new Error(\"could not read FormData body as text\");return Promise.resolve(this._bodyText)},r.formData&&(this.formData=function(){return this.text().then(o)}),this.json=function(){return this.text().then(JSON.parse)},this}function m(a){var b=a.toUpperCase();return v.indexOf(b)>-1?b:a}function n(a,b){b=b||{};var c=b.body;if(\"string\"==typeof a)this.url=a;else{if(a.bodyUsed)throw new TypeError(\"Already read\");this.url=a.url,this.credentials=a.credentials,b.headers||(this.headers=new e(a.headers)),this.method=a.method,this.mode=a.mode,c||null==a._bodyInit||(c=a._bodyInit,a.bodyUsed=!0)}if(this.credentials=b.credentials||this.credentials||\"omit\",!b.headers&&this.headers||(this.headers=new e(b.headers)),this.method=m(b.method||this.method||\"GET\"),this.mode=b.mode||this.mode||null,this.referrer=null,(\"GET\"===this.method||\"HEAD\"===this.method)&&c)throw new TypeError(\"Body not allowed for GET or HEAD requests\");this._initBody(c)}function o(a){var b=new FormData;return a.trim().split(\"&\").forEach(function(a){if(a){var c=a.split(\"=\"),d=c.shift().replace(/\\+/g,\" \"),e=c.join(\"=\").replace(/\\+/g,\" \");b.append(decodeURIComponent(d),decodeURIComponent(e))}}),b}function p(a){var b=new e;return a.split(\"\\r\\n\").forEach(function(a){var c=a.split(\":\"),d=c.shift().trim();if(d){var e=c.join(\":\").trim();b.append(d,e)}}),b}function q(a,b){b||(b={}),this.type=\"default\",this.status=\"status\"in b?b.status:200,this.ok=this.status>=200&&this.status<300,this.statusText=\"statusText\"in b?b.statusText:\"OK\",this.headers=new e(b.headers),this.url=b.url||\"\",this._initBody(a)}if(!a.fetch){var r={searchParams:\"URLSearchParams\"in a,iterable:\"Symbol\"in a&&\"iterator\"in Symbol,blob:\"FileReader\"in a&&\"Blob\"in a&&function(){try{return new Blob,!0}catch(a){return!1}}(),formData:\"FormData\"in a,arrayBuffer:\"ArrayBuffer\"in a};if(r.arrayBuffer)var s=[\"[object Int8Array]\",\"[object Uint8Array]\",\"[object Uint8ClampedArray]\",\"[object Int16Array]\",\"[object Uint16Array]\",\"[object Int32Array]\",\"[object Uint32Array]\",\"[object Float32Array]\",\"[object Float64Array]\"],t=function(a){return a&&DataView.prototype.isPrototypeOf(a)},u=ArrayBuffer.isView||function(a){return a&&s.indexOf(Object.prototype.toString.call(a))>-1};e.prototype.append=function(a,d){a=b(a),d=c(d);var e=this.map[a];e||(e=[],this.map[a]=e),e.push(d)},e.prototype.delete=function(a){delete this.map[b(a)]},e.prototype.get=function(a){var c=this.map[b(a)];return c?c[0]:null},e.prototype.getAll=function(a){return this.map[b(a)]||[]},e.prototype.has=function(a){return this.map.hasOwnProperty(b(a))},e.prototype.set=function(a,d){this.map[b(a)]=[c(d)]},e.prototype.forEach=function(a,b){Object.getOwnPropertyNames(this.map).forEach(function(c){this.map[c].forEach(function(d){a.call(b,d,c,this)},this)},this)},e.prototype.keys=function(){var a=[];return this.forEach(function(b,c){a.push(c)}),d(a)},e.prototype.values=function(){var a=[];return this.forEach(function(b){a.push(b)}),d(a)},e.prototype.entries=function(){var a=[];return this.forEach(function(b,c){a.push([c,b])}),d(a)},r.iterable&&(e.prototype[Symbol.iterator]=e.prototype.entries);var v=[\"DELETE\",\"GET\",\"HEAD\",\"OPTIONS\",\"POST\",\"PUT\"];n.prototype.clone=function(){return new n(this,{body:this._bodyInit})},l.call(n.prototype),l.call(q.prototype),q.prototype.clone=function(){return new q(this._bodyInit,{status:this.status,statusText:this.statusText,headers:new e(this.headers),url:this.url})},q.error=function(){var a=new q(null,{status:0,statusText:\"\"});return a.type=\"error\",a};var w=[301,302,303,307,308];q.redirect=function(a,b){if(w.indexOf(b)===-1)throw new RangeError(\"Invalid status code\");return new q(null,{status:b,headers:{location:a}})},a.Headers=e,a.Request=n,a.Response=q,a.fetch=function(a,b){return new Promise(function(c,d){var e=new n(a,b),f=new XMLHttpRequest;f.onload=function(){var a={status:f.status,statusText:f.statusText,headers:p(f.getAllResponseHeaders()||\"\")};a.url=\"responseURL\"in f?f.responseURL:a.headers.get(\"X-Request-URL\"),c(new q(\"response\"in f?f.response:f.responseText,a))},f.onerror=function(){d(new TypeError(\"Network request failed\"))},f.ontimeout=function(){d(new TypeError(\"Network request failed\"))},f.open(e.method,e.url,!0),\"include\"===e.credentials&&(f.withCredentials=!0),\"responseType\"in f&&r.blob&&(f.responseType=\"blob\"),e.headers.forEach(function(a,b){f.setRequestHeader(b,a)}),f.send(void 0===e._bodyInit?null:e._bodyInit)})},a.fetch.polyfill=!0}}(\"undefined\"!=typeof self?self:this)},function(a,b,c){\"use strict\";function d(){if(i.length)throw i.shift()}function e(a){var b;b=h.length?h.pop():new f,b.task=a,g(b)}function f(){this.task=null}var g=c(0),h=[],i=[],j=g.makeRequestCallFromTimer(d);a.exports=e,f.prototype.call=function(){try{this.task.call()}catch(a){e.onerror?e.onerror(a):(i.push(a),j())}finally{this.task=null,h[h.length]=this}}},function(a,b,c){\"use strict\";function d(a){var b=new e(e._61);return b._81=1,b._65=a,b}var e=c(1);a.exports=e;var f=d(!0),g=d(!1),h=d(null),i=d(void 0),j=d(0),k=d(\"\");e.resolve=function(a){if(a instanceof e)return a;if(null===a)return h;if(void 0===a)return i;if(a===!0)return f;if(a===!1)return g;if(0===a)return j;if(\"\"===a)return k;if(\"object\"==typeof a||\"function\"==typeof a)try{var b=a.then;if(\"function\"==typeof b)return new e(b.bind(a))}catch(a){return new e(function(b,c){c(a)})}return d(a)},e.all=function(a){var b=Array.prototype.slice.call(a);return new e(function(a,c){function d(g,h){if(h&&(\"object\"==typeof h||\"function\"==typeof h)){if(h instanceof e&&h.then===e.prototype.then){for(;3===h._81;)h=h._65;return 1===h._81?d(g,h._65):(2===h._81&&c(h._65),void h.then(function(a){d(g,a)},c))}var i=h.then;if(\"function\"==typeof i){return void new e(i.bind(h)).then(function(a){d(g,a)},c)}}b[g]=h,0==--f&&a(b)}if(0===b.length)return a([]);for(var f=b.length,g=0;g<b.length;g++)d(g,b[g])})},e.reject=function(a){return new e(function(b,c){c(a)})},e.race=function(a){return new e(function(b,c){a.forEach(function(a){e.resolve(a).then(b,c)})})},e.prototype.catch=function(a){return this.then(null,a)}},function(a,b){\"function\"!=typeof Promise.prototype.done&&(Promise.prototype.done=function(a,b){(arguments.length?this.then.apply(this,arguments):this).then(null,function(a){setTimeout(function(){throw a},0)})})},function(a,b){var c;c=function(){return this}();try{c=c||Function(\"return this\")()||(0,eval)(\"this\")}catch(a){\"object\"==typeof window&&(c=window)}a.exports=c},function(a,b,c){c(3),c(4),c(2).polyfill()}]);"],"l":{"1":12}}}